{"/Users/adam/Documents/cdn/services/api/src/config/database.js": {"path":"/Users/adam/Documents/cdn/services/api/src/config/database.js","statementMap":{"0":{"start":{"line":1,"column":17},"end":{"line":1,"column":30}},"1":{"start":{"line":2,"column":15},"end":{"line":2,"column":41}},"2":{"start":{"line":4,"column":13},"end":{"line":13,"column":2}},"3":{"start":{"line":16,"column":0},"end":{"line":18,"column":3}},"4":{"start":{"line":17,"column":4},"end":{"line":17,"column":55}},"5":{"start":{"line":20,"column":0},"end":{"line":22,"column":3}},"6":{"start":{"line":21,"column":4},"end":{"line":21,"column":69}},"7":{"start":{"line":28,"column":4},"end":{"line":37,"column":5}},"8":{"start":{"line":29,"column":23},"end":{"line":29,"column":43}},"9":{"start":{"line":30,"column":23},"end":{"line":30,"column":57}},"10":{"start":{"line":31,"column":8},"end":{"line":31,"column":70}},"11":{"start":{"line":32,"column":8},"end":{"line":32,"column":25}},"12":{"start":{"line":33,"column":8},"end":{"line":33,"column":20}},"13":{"start":{"line":35,"column":8},"end":{"line":35,"column":64}},"14":{"start":{"line":36,"column":8},"end":{"line":36,"column":20}},"15":{"start":{"line":44,"column":18},"end":{"line":44,"column":28}},"16":{"start":{"line":45,"column":4},"end":{"line":59,"column":5}},"17":{"start":{"line":46,"column":23},"end":{"line":46,"column":53}},"18":{"start":{"line":47,"column":25},"end":{"line":47,"column":43}},"19":{"start":{"line":48,"column":8},"end":{"line":51,"column":11}},"20":{"start":{"line":52,"column":8},"end":{"line":52,"column":22}},"21":{"start":{"line":54,"column":8},"end":{"line":57,"column":11}},"22":{"start":{"line":58,"column":8},"end":{"line":58,"column":20}},"23":{"start":{"line":66,"column":19},"end":{"line":66,"column":39}},"24":{"start":{"line":67,"column":26},"end":{"line":67,"column":51}},"25":{"start":{"line":68,"column":28},"end":{"line":68,"column":55}},"26":{"start":{"line":71,"column":4},"end":{"line":82,"column":6}},"27":{"start":{"line":72,"column":22},"end":{"line":72,"column":32}},"28":{"start":{"line":73,"column":8},"end":{"line":81,"column":9}},"29":{"start":{"line":74,"column":27},"end":{"line":74,"column":55}},"30":{"start":{"line":75,"column":29},"end":{"line":75,"column":47}},"31":{"start":{"line":76,"column":12},"end":{"line":76,"column":61}},"32":{"start":{"line":77,"column":12},"end":{"line":77,"column":26}},"33":{"start":{"line":79,"column":12},"end":{"line":79,"column":60}},"34":{"start":{"line":80,"column":12},"end":{"line":80,"column":24}},"35":{"start":{"line":85,"column":4},"end":{"line":89,"column":6}},"36":{"start":{"line":86,"column":8},"end":{"line":86,"column":37}},"37":{"start":{"line":87,"column":8},"end":{"line":87,"column":41}},"38":{"start":{"line":88,"column":8},"end":{"line":88,"column":33}},"39":{"start":{"line":91,"column":4},"end":{"line":91,"column":18}},"40":{"start":{"line":94,"column":0},"end":{"line":99,"column":2}}},"fnMap":{"0":{"name":"(anonymous_0)","decl":{"start":{"line":16,"column":19},"end":{"line":16,"column":20}},"loc":{"start":{"line":16,"column":25},"end":{"line":18,"column":1}},"line":16},"1":{"name":"(anonymous_1)","decl":{"start":{"line":20,"column":17},"end":{"line":20,"column":18}},"loc":{"start":{"line":20,"column":26},"end":{"line":22,"column":1}},"line":20},"2":{"name":"connectDB","decl":{"start":{"line":27,"column":15},"end":{"line":27,"column":24}},"loc":{"start":{"line":27,"column":27},"end":{"line":38,"column":1}},"line":27},"3":{"name":"query","decl":{"start":{"line":43,"column":15},"end":{"line":43,"column":20}},"loc":{"start":{"line":43,"column":35},"end":{"line":60,"column":1}},"line":43},"4":{"name":"getClient","decl":{"start":{"line":65,"column":15},"end":{"line":65,"column":24}},"loc":{"start":{"line":65,"column":27},"end":{"line":92,"column":1}},"line":65},"5":{"name":"(anonymous_5)","decl":{"start":{"line":71,"column":19},"end":{"line":71,"column":20}},"loc":{"start":{"line":71,"column":38},"end":{"line":82,"column":5}},"line":71},"6":{"name":"(anonymous_6)","decl":{"start":{"line":85,"column":21},"end":{"line":85,"column":22}},"loc":{"start":{"line":85,"column":27},"end":{"line":89,"column":5}},"line":85}},"branchMap":{"0":{"loc":{"start":{"line":5,"column":10},"end":{"line":5,"column":50}},"type":"binary-expr","locations":[{"start":{"line":5,"column":10},"end":{"line":5,"column":35}},{"start":{"line":5,"column":39},"end":{"line":5,"column":50}}],"line":5},"1":{"loc":{"start":{"line":6,"column":10},"end":{"line":6,"column":53}},"type":"binary-expr","locations":[{"start":{"line":6,"column":10},"end":{"line":6,"column":45}},{"start":{"line":6,"column":49},"end":{"line":6,"column":53}}],"line":6},"2":{"loc":{"start":{"line":7,"column":14},"end":{"line":7,"column":49}},"type":"binary-expr","locations":[{"start":{"line":7,"column":14},"end":{"line":7,"column":37}},{"start":{"line":7,"column":41},"end":{"line":7,"column":49}}],"line":7},"3":{"loc":{"start":{"line":8,"column":10},"end":{"line":8,"column":49}},"type":"binary-expr","locations":[{"start":{"line":8,"column":10},"end":{"line":8,"column":35}},{"start":{"line":8,"column":39},"end":{"line":8,"column":49}}],"line":8},"4":{"loc":{"start":{"line":9,"column":14},"end":{"line":9,"column":57}},"type":"binary-expr","locations":[{"start":{"line":9,"column":14},"end":{"line":9,"column":43}},{"start":{"line":9,"column":47},"end":{"line":9,"column":57}}],"line":9}},"s":{"0":0,"1":0,"2":0,"3":0,"4":0,"5":0,"6":0,"7":0,"8":0,"9":0,"10":0,"11":0,"12":0,"13":0,"14":0,"15":0,"16":0,"17":0,"18":0,"19":0,"20":0,"21":0,"22":0,"23":0,"24":0,"25":0,"26":0,"27":0,"28":0,"29":0,"30":0,"31":0,"32":0,"33":0,"34":0,"35":0,"36":0,"37":0,"38":0,"39":0,"40":0},"f":{"0":0,"1":0,"2":0,"3":0,"4":0,"5":0,"6":0},"b":{"0":[0,0],"1":[0,0],"2":[0,0],"3":[0,0],"4":[0,0]}}
,"/Users/adam/Documents/cdn/services/api/src/middleware/adminAuth.js": {"path":"/Users/adam/Documents/cdn/services/api/src/middleware/adminAuth.js","statementMap":{"0":{"start":{"line":1,"column":12},"end":{"line":1,"column":35}},"1":{"start":{"line":2,"column":18},"end":{"line":2,"column":48}},"2":{"start":{"line":3,"column":15},"end":{"line":3,"column":41}},"3":{"start":{"line":5,"column":19},"end":{"line":5,"column":93}},"4":{"start":{"line":6,"column":23},"end":{"line":6,"column":58}},"5":{"start":{"line":12,"column":4},"end":{"line":21,"column":6}},"6":{"start":{"line":28,"column":4},"end":{"line":32,"column":5}},"7":{"start":{"line":29,"column":8},"end":{"line":29,"column":45}},"8":{"start":{"line":31,"column":8},"end":{"line":31,"column":20}},"9":{"start":{"line":39,"column":23},"end":{"line":39,"column":48}},"10":{"start":{"line":41,"column":4},"end":{"line":47,"column":5}},"11":{"start":{"line":42,"column":8},"end":{"line":46,"column":11}},"12":{"start":{"line":49,"column":18},"end":{"line":49,"column":42}},"13":{"start":{"line":50,"column":20},"end":{"line":50,"column":38}},"14":{"start":{"line":52,"column":4},"end":{"line":58,"column":5}},"15":{"start":{"line":53,"column":8},"end":{"line":57,"column":11}},"16":{"start":{"line":61,"column":17},"end":{"line":61,"column":53}},"17":{"start":{"line":63,"column":4},"end":{"line":69,"column":5}},"18":{"start":{"line":64,"column":8},"end":{"line":68,"column":11}},"19":{"start":{"line":72,"column":4},"end":{"line":77,"column":6}},"20":{"start":{"line":79,"column":4},"end":{"line":79,"column":11}},"21":{"start":{"line":86,"column":4},"end":{"line":92,"column":5}},"22":{"start":{"line":87,"column":8},"end":{"line":91,"column":11}},"23":{"start":{"line":93,"column":4},"end":{"line":93,"column":11}},"24":{"start":{"line":100,"column":23},"end":{"line":100,"column":48}},"25":{"start":{"line":102,"column":4},"end":{"line":105,"column":5}},"26":{"start":{"line":103,"column":8},"end":{"line":103,"column":29}},"27":{"start":{"line":104,"column":8},"end":{"line":104,"column":22}},"28":{"start":{"line":107,"column":18},"end":{"line":107,"column":42}},"29":{"start":{"line":108,"column":20},"end":{"line":108,"column":38}},"30":{"start":{"line":110,"column":4},"end":{"line":120,"column":5}},"31":{"start":{"line":111,"column":21},"end":{"line":111,"column":57}},"32":{"start":{"line":112,"column":8},"end":{"line":119,"column":9}},"33":{"start":{"line":113,"column":12},"end":{"line":118,"column":14}},"34":{"start":{"line":122,"column":4},"end":{"line":122,"column":11}},"35":{"start":{"line":125,"column":0},"end":{"line":132,"column":2}}},"fnMap":{"0":{"name":"generateAccessToken","decl":{"start":{"line":11,"column":9},"end":{"line":11,"column":28}},"loc":{"start":{"line":11,"column":35},"end":{"line":22,"column":1}},"line":11},"1":{"name":"verifyToken","decl":{"start":{"line":27,"column":9},"end":{"line":27,"column":20}},"loc":{"start":{"line":27,"column":28},"end":{"line":33,"column":1}},"line":27},"2":{"name":"adminAuth","decl":{"start":{"line":38,"column":15},"end":{"line":38,"column":24}},"loc":{"start":{"line":38,"column":41},"end":{"line":80,"column":1}},"line":38},"3":{"name":"superadminOnly","decl":{"start":{"line":85,"column":9},"end":{"line":85,"column":23}},"loc":{"start":{"line":85,"column":40},"end":{"line":94,"column":1}},"line":85},"4":{"name":"optionalAdminAuth","decl":{"start":{"line":99,"column":15},"end":{"line":99,"column":32}},"loc":{"start":{"line":99,"column":49},"end":{"line":123,"column":1}},"line":99}},"branchMap":{"0":{"loc":{"start":{"line":5,"column":19},"end":{"line":5,"column":93}},"type":"binary-expr","locations":[{"start":{"line":5,"column":19},"end":{"line":5,"column":41}},{"start":{"line":5,"column":45},"end":{"line":5,"column":93}}],"line":5},"1":{"loc":{"start":{"line":6,"column":23},"end":{"line":6,"column":58}},"type":"binary-expr","locations":[{"start":{"line":6,"column":23},"end":{"line":6,"column":49}},{"start":{"line":6,"column":53},"end":{"line":6,"column":58}}],"line":6},"2":{"loc":{"start":{"line":41,"column":4},"end":{"line":47,"column":5}},"type":"if","locations":[{"start":{"line":41,"column":4},"end":{"line":47,"column":5}},{"start":{},"end":{}}],"line":41},"3":{"loc":{"start":{"line":41,"column":8},"end":{"line":41,"column":56}},"type":"binary-expr","locations":[{"start":{"line":41,"column":8},"end":{"line":41,"column":19}},{"start":{"line":41,"column":23},"end":{"line":41,"column":56}}],"line":41},"4":{"loc":{"start":{"line":52,"column":4},"end":{"line":58,"column":5}},"type":"if","locations":[{"start":{"line":52,"column":4},"end":{"line":58,"column":5}},{"start":{},"end":{}}],"line":52},"5":{"loc":{"start":{"line":63,"column":4},"end":{"line":69,"column":5}},"type":"if","locations":[{"start":{"line":63,"column":4},"end":{"line":69,"column":5}},{"start":{},"end":{}}],"line":63},"6":{"loc":{"start":{"line":63,"column":8},"end":{"line":63,"column":32}},"type":"binary-expr","locations":[{"start":{"line":63,"column":8},"end":{"line":63,"column":13}},{"start":{"line":63,"column":17},"end":{"line":63,"column":32}}],"line":63},"7":{"loc":{"start":{"line":86,"column":4},"end":{"line":92,"column":5}},"type":"if","locations":[{"start":{"line":86,"column":4},"end":{"line":92,"column":5}},{"start":{},"end":{}}],"line":86},"8":{"loc":{"start":{"line":102,"column":4},"end":{"line":105,"column":5}},"type":"if","locations":[{"start":{"line":102,"column":4},"end":{"line":105,"column":5}},{"start":{},"end":{}}],"line":102},"9":{"loc":{"start":{"line":102,"column":8},"end":{"line":102,"column":56}},"type":"binary-expr","locations":[{"start":{"line":102,"column":8},"end":{"line":102,"column":19}},{"start":{"line":102,"column":23},"end":{"line":102,"column":56}}],"line":102},"10":{"loc":{"start":{"line":110,"column":4},"end":{"line":120,"column":5}},"type":"if","locations":[{"start":{"line":110,"column":4},"end":{"line":120,"column":5}},{"start":{},"end":{}}],"line":110},"11":{"loc":{"start":{"line":112,"column":8},"end":{"line":119,"column":9}},"type":"if","locations":[{"start":{"line":112,"column":8},"end":{"line":119,"column":9}},{"start":{},"end":{}}],"line":112},"12":{"loc":{"start":{"line":112,"column":12},"end":{"line":112,"column":34}},"type":"binary-expr","locations":[{"start":{"line":112,"column":12},"end":{"line":112,"column":16}},{"start":{"line":112,"column":20},"end":{"line":112,"column":34}}],"line":112}},"s":{"0":2,"1":2,"2":2,"3":2,"4":2,"5":0,"6":10,"7":10,"8":1,"9":11,"10":11,"11":1,"12":10,"13":10,"14":10,"15":1,"16":9,"17":9,"18":0,"19":9,"20":9,"21":0,"22":0,"23":0,"24":0,"25":0,"26":0,"27":0,"28":0,"29":0,"30":0,"31":0,"32":0,"33":0,"34":0,"35":2},"f":{"0":0,"1":10,"2":11,"3":0,"4":0},"b":{"0":[2,1],"1":[2,2],"2":[1,10],"3":[11,10],"4":[1,9],"5":[0,9],"6":[9,9],"7":[0,0],"8":[0,0],"9":[0,0],"10":[0,0],"11":[0,0],"12":[0,0]},"_coverageSchema":"1a1c01bbd47fc00a2c39e90264f33305004495a9","hash":"95d5fc65680672f8f47d9f821150b84c173d0ae2"}
,"/Users/adam/Documents/cdn/services/api/src/middleware/auth.js": {"path":"/Users/adam/Documents/cdn/services/api/src/middleware/auth.js","statementMap":{"0":{"start":{"line":1,"column":15},"end":{"line":1,"column":41}},"1":{"start":{"line":8,"column":23},"end":{"line":8,"column":48}},"2":{"start":{"line":9,"column":25},"end":{"line":9,"column":49}},"3":{"start":{"line":11,"column":22},"end":{"line":11,"column":26}},"4":{"start":{"line":14,"column":4},"end":{"line":19,"column":5}},"5":{"start":{"line":15,"column":22},"end":{"line":15,"column":43}},"6":{"start":{"line":16,"column":8},"end":{"line":18,"column":9}},"7":{"start":{"line":17,"column":12},"end":{"line":17,"column":35}},"8":{"start":{"line":22,"column":4},"end":{"line":24,"column":5}},"9":{"start":{"line":23,"column":8},"end":{"line":23,"column":35}},"10":{"start":{"line":27,"column":4},"end":{"line":37,"column":5}},"11":{"start":{"line":28,"column":8},"end":{"line":31,"column":11}},"12":{"start":{"line":32,"column":8},"end":{"line":36,"column":11}},"13":{"start":{"line":40,"column":24},"end":{"line":40,"column":43}},"14":{"start":{"line":42,"column":4},"end":{"line":49,"column":5}},"15":{"start":{"line":43,"column":8},"end":{"line":43,"column":61}},"16":{"start":{"line":44,"column":8},"end":{"line":48,"column":11}},"17":{"start":{"line":52,"column":4},"end":{"line":63,"column":5}},"18":{"start":{"line":53,"column":8},"end":{"line":57,"column":11}},"19":{"start":{"line":58,"column":8},"end":{"line":62,"column":11}},"20":{"start":{"line":66,"column":4},"end":{"line":66,"column":29}},"21":{"start":{"line":67,"column":4},"end":{"line":67,"column":11}},"22":{"start":{"line":74,"column":4},"end":{"line":76,"column":5}},"23":{"start":{"line":75,"column":8},"end":{"line":75,"column":21}},"24":{"start":{"line":78,"column":19},"end":{"line":78,"column":36}},"25":{"start":{"line":81,"column":17},"end":{"line":81,"column":31}},"26":{"start":{"line":82,"column":17},"end":{"line":82,"column":31}},"27":{"start":{"line":84,"column":4},"end":{"line":88,"column":5}},"28":{"start":{"line":86,"column":8},"end":{"line":86,"column":43}},"29":{"start":{"line":87,"column":8},"end":{"line":87,"column":21}},"30":{"start":{"line":90,"column":4},"end":{"line":90,"column":46}},"31":{"start":{"line":97,"column":23},"end":{"line":97,"column":48}},"32":{"start":{"line":98,"column":25},"end":{"line":98,"column":49}},"33":{"start":{"line":100,"column":4},"end":{"line":103,"column":5}},"34":{"start":{"line":101,"column":8},"end":{"line":101,"column":34}},"35":{"start":{"line":102,"column":8},"end":{"line":102,"column":22}},"36":{"start":{"line":105,"column":4},"end":{"line":105,"column":38}},"37":{"start":{"line":108,"column":0},"end":{"line":112,"column":2}}},"fnMap":{"0":{"name":"apiKeyAuth","decl":{"start":{"line":7,"column":9},"end":{"line":7,"column":19}},"loc":{"start":{"line":7,"column":36},"end":{"line":68,"column":1}},"line":7},"1":{"name":"secureCompare","decl":{"start":{"line":73,"column":9},"end":{"line":73,"column":22}},"loc":{"start":{"line":73,"column":29},"end":{"line":91,"column":1}},"line":73},"2":{"name":"optionalAuth","decl":{"start":{"line":96,"column":9},"end":{"line":96,"column":21}},"loc":{"start":{"line":96,"column":38},"end":{"line":106,"column":1}},"line":96}},"branchMap":{"0":{"loc":{"start":{"line":14,"column":4},"end":{"line":19,"column":5}},"type":"if","locations":[{"start":{"line":14,"column":4},"end":{"line":19,"column":5}},{"start":{},"end":{}}],"line":14},"1":{"loc":{"start":{"line":16,"column":8},"end":{"line":18,"column":9}},"type":"if","locations":[{"start":{"line":16,"column":8},"end":{"line":18,"column":9}},{"start":{},"end":{}}],"line":16},"2":{"loc":{"start":{"line":16,"column":12},"end":{"line":16,"column":69}},"type":"binary-expr","locations":[{"start":{"line":16,"column":12},"end":{"line":16,"column":30}},{"start":{"line":16,"column":34},"end":{"line":16,"column":69}}],"line":16},"3":{"loc":{"start":{"line":22,"column":4},"end":{"line":24,"column":5}},"type":"if","locations":[{"start":{"line":22,"column":4},"end":{"line":24,"column":5}},{"start":{},"end":{}}],"line":22},"4":{"loc":{"start":{"line":22,"column":8},"end":{"line":22,"column":36}},"type":"binary-expr","locations":[{"start":{"line":22,"column":8},"end":{"line":22,"column":20}},{"start":{"line":22,"column":24},"end":{"line":22,"column":36}}],"line":22},"5":{"loc":{"start":{"line":27,"column":4},"end":{"line":37,"column":5}},"type":"if","locations":[{"start":{"line":27,"column":4},"end":{"line":37,"column":5}},{"start":{},"end":{}}],"line":27},"6":{"loc":{"start":{"line":42,"column":4},"end":{"line":49,"column":5}},"type":"if","locations":[{"start":{"line":42,"column":4},"end":{"line":49,"column":5}},{"start":{},"end":{}}],"line":42},"7":{"loc":{"start":{"line":52,"column":4},"end":{"line":63,"column":5}},"type":"if","locations":[{"start":{"line":52,"column":4},"end":{"line":63,"column":5}},{"start":{},"end":{}}],"line":52},"8":{"loc":{"start":{"line":74,"column":4},"end":{"line":76,"column":5}},"type":"if","locations":[{"start":{"line":74,"column":4},"end":{"line":76,"column":5}},{"start":{},"end":{}}],"line":74},"9":{"loc":{"start":{"line":74,"column":8},"end":{"line":74,"column":54}},"type":"binary-expr","locations":[{"start":{"line":74,"column":8},"end":{"line":74,"column":29}},{"start":{"line":74,"column":33},"end":{"line":74,"column":54}}],"line":74},"10":{"loc":{"start":{"line":84,"column":4},"end":{"line":88,"column":5}},"type":"if","locations":[{"start":{"line":84,"column":4},"end":{"line":88,"column":5}},{"start":{},"end":{}}],"line":84},"11":{"loc":{"start":{"line":100,"column":4},"end":{"line":103,"column":5}},"type":"if","locations":[{"start":{"line":100,"column":4},"end":{"line":103,"column":5}},{"start":{},"end":{}}],"line":100},"12":{"loc":{"start":{"line":100,"column":8},"end":{"line":100,"column":36}},"type":"binary-expr","locations":[{"start":{"line":100,"column":8},"end":{"line":100,"column":19}},{"start":{"line":100,"column":23},"end":{"line":100,"column":36}}],"line":100}},"s":{"0":2,"1":13,"2":13,"3":13,"4":13,"5":11,"6":11,"7":11,"8":13,"9":1,"10":13,"11":1,"12":1,"13":12,"14":12,"15":0,"16":0,"17":12,"18":1,"19":1,"20":11,"21":11,"22":18,"23":3,"24":15,"25":15,"26":15,"27":15,"28":2,"29":2,"30":13,"31":0,"32":0,"33":0,"34":0,"35":0,"36":0,"37":2},"f":{"0":13,"1":18,"2":0},"b":{"0":[11,2],"1":[11,0],"2":[11,11],"3":[1,12],"4":[13,2],"5":[1,12],"6":[0,12],"7":[1,11],"8":[3,15],"9":[18,16],"10":[2,13],"11":[0,0],"12":[0,0]},"_coverageSchema":"1a1c01bbd47fc00a2c39e90264f33305004495a9","hash":"ef70f79b4fd5440b81a326eaa282b1a085d695ad"}
,"/Users/adam/Documents/cdn/services/api/src/middleware/cache.js": {"path":"/Users/adam/Documents/cdn/services/api/src/middleware/cache.js","statementMap":{"0":{"start":{"line":6,"column":15},"end":{"line":6,"column":41}},"1":{"start":{"line":10,"column":4},"end":{"line":10,"column":27}},"2":{"start":{"line":11,"column":4},"end":{"line":16,"column":6}},"3":{"start":{"line":19,"column":4},"end":{"line":19,"column":45}},"4":{"start":{"line":19,"column":22},"end":{"line":19,"column":36}},"5":{"start":{"line":28,"column":18},"end":{"line":28,"column":37}},"6":{"start":{"line":30,"column":4},"end":{"line":33,"column":5}},"7":{"start":{"line":31,"column":6},"end":{"line":31,"column":26}},"8":{"start":{"line":32,"column":6},"end":{"line":32,"column":23}},"9":{"start":{"line":36,"column":4},"end":{"line":40,"column":5}},"10":{"start":{"line":37,"column":6},"end":{"line":37,"column":29}},"11":{"start":{"line":38,"column":6},"end":{"line":38,"column":26}},"12":{"start":{"line":39,"column":6},"end":{"line":39,"column":23}},"13":{"start":{"line":42,"column":4},"end":{"line":42,"column":22}},"14":{"start":{"line":43,"column":4},"end":{"line":43,"column":23}},"15":{"start":{"line":53,"column":18},"end":{"line":57,"column":5}},"16":{"start":{"line":59,"column":4},"end":{"line":59,"column":31}},"17":{"start":{"line":60,"column":4},"end":{"line":60,"column":22}},"18":{"start":{"line":69,"column":20},"end":{"line":69,"column":39}},"19":{"start":{"line":70,"column":4},"end":{"line":73,"column":5}},"20":{"start":{"line":71,"column":6},"end":{"line":71,"column":29}},"21":{"start":{"line":72,"column":6},"end":{"line":72,"column":27}},"22":{"start":{"line":74,"column":4},"end":{"line":74,"column":19}},"23":{"start":{"line":82,"column":18},"end":{"line":82,"column":70}},"24":{"start":{"line":83,"column":18},"end":{"line":83,"column":19}},"25":{"start":{"line":85,"column":4},"end":{"line":90,"column":5}},"26":{"start":{"line":86,"column":6},"end":{"line":89,"column":7}},"27":{"start":{"line":87,"column":8},"end":{"line":87,"column":31}},"28":{"start":{"line":88,"column":8},"end":{"line":88,"column":18}},"29":{"start":{"line":92,"column":4},"end":{"line":92,"column":34}},"30":{"start":{"line":93,"column":4},"end":{"line":93,"column":19}},"31":{"start":{"line":100,"column":17},"end":{"line":100,"column":32}},"32":{"start":{"line":101,"column":4},"end":{"line":101,"column":23}},"33":{"start":{"line":102,"column":4},"end":{"line":102,"column":31}},"34":{"start":{"line":103,"column":4},"end":{"line":103,"column":58}},"35":{"start":{"line":110,"column":20},"end":{"line":112,"column":9}},"36":{"start":{"line":114,"column":4},"end":{"line":118,"column":6}},"37":{"start":{"line":125,"column":16},"end":{"line":125,"column":26}},"38":{"start":{"line":126,"column":18},"end":{"line":126,"column":19}},"39":{"start":{"line":128,"column":4},"end":{"line":133,"column":5}},"40":{"start":{"line":129,"column":6},"end":{"line":132,"column":7}},"41":{"start":{"line":130,"column":8},"end":{"line":130,"column":31}},"42":{"start":{"line":131,"column":8},"end":{"line":131,"column":18}},"43":{"start":{"line":135,"column":4},"end":{"line":137,"column":5}},"44":{"start":{"line":136,"column":6},"end":{"line":136,"column":72}},"45":{"start":{"line":142,"column":14},"end":{"line":142,"column":31}},"46":{"start":{"line":150,"column":2},"end":{"line":182,"column":4}},"47":{"start":{"line":152,"column":4},"end":{"line":154,"column":5}},"48":{"start":{"line":153,"column":6},"end":{"line":153,"column":20}},"49":{"start":{"line":157,"column":16},"end":{"line":159,"column":34}},"50":{"start":{"line":162,"column":19},"end":{"line":162,"column":33}},"51":{"start":{"line":163,"column":4},"end":{"line":166,"column":5}},"52":{"start":{"line":164,"column":6},"end":{"line":164,"column":32}},"53":{"start":{"line":165,"column":6},"end":{"line":165,"column":30}},"54":{"start":{"line":169,"column":25},"end":{"line":169,"column":43}},"55":{"start":{"line":172,"column":4},"end":{"line":179,"column":6}},"56":{"start":{"line":174,"column":6},"end":{"line":176,"column":7}},"57":{"start":{"line":175,"column":8},"end":{"line":175,"column":34}},"58":{"start":{"line":177,"column":6},"end":{"line":177,"column":33}},"59":{"start":{"line":178,"column":6},"end":{"line":178,"column":32}},"60":{"start":{"line":181,"column":4},"end":{"line":181,"column":11}},"61":{"start":{"line":189,"column":2},"end":{"line":191,"column":3}},"62":{"start":{"line":190,"column":4},"end":{"line":190,"column":26}},"63":{"start":{"line":193,"column":2},"end":{"line":195,"column":5}},"64":{"start":{"line":194,"column":4},"end":{"line":194,"column":33}},"65":{"start":{"line":198,"column":0},"end":{"line":202,"column":2}}},"fnMap":{"0":{"name":"(anonymous_0)","decl":{"start":{"line":9,"column":2},"end":{"line":9,"column":3}},"loc":{"start":{"line":9,"column":16},"end":{"line":20,"column":3}},"line":9},"1":{"name":"(anonymous_1)","decl":{"start":{"line":19,"column":16},"end":{"line":19,"column":17}},"loc":{"start":{"line":19,"column":22},"end":{"line":19,"column":36}},"line":19},"2":{"name":"(anonymous_2)","decl":{"start":{"line":27,"column":2},"end":{"line":27,"column":3}},"loc":{"start":{"line":27,"column":11},"end":{"line":44,"column":3}},"line":27},"3":{"name":"(anonymous_3)","decl":{"start":{"line":52,"column":2},"end":{"line":52,"column":3}},"loc":{"start":{"line":52,"column":29},"end":{"line":61,"column":3}},"line":52},"4":{"name":"(anonymous_4)","decl":{"start":{"line":68,"column":2},"end":{"line":68,"column":3}},"loc":{"start":{"line":68,"column":14},"end":{"line":75,"column":3}},"line":68},"5":{"name":"(anonymous_5)","decl":{"start":{"line":81,"column":2},"end":{"line":81,"column":3}},"loc":{"start":{"line":81,"column":25},"end":{"line":94,"column":3}},"line":81},"6":{"name":"(anonymous_6)","decl":{"start":{"line":99,"column":2},"end":{"line":99,"column":3}},"loc":{"start":{"line":99,"column":10},"end":{"line":104,"column":3}},"line":99},"7":{"name":"(anonymous_7)","decl":{"start":{"line":109,"column":2},"end":{"line":109,"column":3}},"loc":{"start":{"line":109,"column":13},"end":{"line":119,"column":3}},"line":109},"8":{"name":"(anonymous_8)","decl":{"start":{"line":124,"column":2},"end":{"line":124,"column":3}},"loc":{"start":{"line":124,"column":12},"end":{"line":138,"column":3}},"line":124},"9":{"name":"cacheMiddleware","decl":{"start":{"line":149,"column":9},"end":{"line":149,"column":24}},"loc":{"start":{"line":149,"column":56},"end":{"line":183,"column":1}},"line":149},"10":{"name":"(anonymous_10)","decl":{"start":{"line":150,"column":9},"end":{"line":150,"column":10}},"loc":{"start":{"line":150,"column":29},"end":{"line":182,"column":3}},"line":150},"11":{"name":"(anonymous_11)","decl":{"start":{"line":172,"column":15},"end":{"line":172,"column":16}},"loc":{"start":{"line":172,"column":25},"end":{"line":179,"column":5}},"line":172},"12":{"name":"invalidateCache","decl":{"start":{"line":188,"column":9},"end":{"line":188,"column":24}},"loc":{"start":{"line":188,"column":35},"end":{"line":196,"column":1}},"line":188},"13":{"name":"(anonymous_13)","decl":{"start":{"line":193,"column":19},"end":{"line":193,"column":20}},"loc":{"start":{"line":193,"column":30},"end":{"line":195,"column":3}},"line":193}},"branchMap":{"0":{"loc":{"start":{"line":30,"column":4},"end":{"line":33,"column":5}},"type":"if","locations":[{"start":{"line":30,"column":4},"end":{"line":33,"column":5}},{"start":{},"end":{}}],"line":30},"1":{"loc":{"start":{"line":36,"column":4},"end":{"line":40,"column":5}},"type":"if","locations":[{"start":{"line":36,"column":4},"end":{"line":40,"column":5}},{"start":{},"end":{}}],"line":36},"2":{"loc":{"start":{"line":36,"column":8},"end":{"line":36,"column":51}},"type":"binary-expr","locations":[{"start":{"line":36,"column":8},"end":{"line":36,"column":21}},{"start":{"line":36,"column":25},"end":{"line":36,"column":51}}],"line":36},"3":{"loc":{"start":{"line":52,"column":18},"end":{"line":52,"column":27}},"type":"default-arg","locations":[{"start":{"line":52,"column":24},"end":{"line":52,"column":27}}],"line":52},"4":{"loc":{"start":{"line":55,"column":15},"end":{"line":55,"column":57}},"type":"cond-expr","locations":[{"start":{"line":55,"column":25},"end":{"line":55,"column":50}},{"start":{"line":55,"column":53},"end":{"line":55,"column":57}}],"line":55},"5":{"loc":{"start":{"line":70,"column":4},"end":{"line":73,"column":5}},"type":"if","locations":[{"start":{"line":70,"column":4},"end":{"line":73,"column":5}},{"start":{},"end":{}}],"line":70},"6":{"loc":{"start":{"line":86,"column":6},"end":{"line":89,"column":7}},"type":"if","locations":[{"start":{"line":86,"column":6},"end":{"line":89,"column":7}},{"start":{},"end":{}}],"line":86},"7":{"loc":{"start":{"line":110,"column":20},"end":{"line":112,"column":9}},"type":"cond-expr","locations":[{"start":{"line":111,"column":8},"end":{"line":111,"column":84}},{"start":{"line":112,"column":8},"end":{"line":112,"column":9}}],"line":110},"8":{"loc":{"start":{"line":129,"column":6},"end":{"line":132,"column":7}},"type":"if","locations":[{"start":{"line":129,"column":6},"end":{"line":132,"column":7}},{"start":{},"end":{}}],"line":129},"9":{"loc":{"start":{"line":129,"column":10},"end":{"line":129,"column":46}},"type":"binary-expr","locations":[{"start":{"line":129,"column":10},"end":{"line":129,"column":23}},{"start":{"line":129,"column":27},"end":{"line":129,"column":46}}],"line":129},"10":{"loc":{"start":{"line":135,"column":4},"end":{"line":137,"column":5}},"type":"if","locations":[{"start":{"line":135,"column":4},"end":{"line":137,"column":5}},{"start":{},"end":{}}],"line":135},"11":{"loc":{"start":{"line":149,"column":25},"end":{"line":149,"column":33}},"type":"default-arg","locations":[{"start":{"line":149,"column":31},"end":{"line":149,"column":33}}],"line":149},"12":{"loc":{"start":{"line":149,"column":35},"end":{"line":149,"column":54}},"type":"default-arg","locations":[{"start":{"line":149,"column":50},"end":{"line":149,"column":54}}],"line":149},"13":{"loc":{"start":{"line":152,"column":4},"end":{"line":154,"column":5}},"type":"if","locations":[{"start":{"line":152,"column":4},"end":{"line":154,"column":5}},{"start":{},"end":{}}],"line":152},"14":{"loc":{"start":{"line":157,"column":16},"end":{"line":159,"column":34}},"type":"cond-expr","locations":[{"start":{"line":158,"column":8},"end":{"line":158,"column":25}},{"start":{"line":159,"column":8},"end":{"line":159,"column":34}}],"line":157},"15":{"loc":{"start":{"line":163,"column":4},"end":{"line":166,"column":5}},"type":"if","locations":[{"start":{"line":163,"column":4},"end":{"line":166,"column":5}},{"start":{},"end":{}}],"line":163},"16":{"loc":{"start":{"line":174,"column":6},"end":{"line":176,"column":7}},"type":"if","locations":[{"start":{"line":174,"column":6},"end":{"line":176,"column":7}},{"start":{},"end":{}}],"line":174},"17":{"loc":{"start":{"line":174,"column":10},"end":{"line":174,"column":55}},"type":"binary-expr","locations":[{"start":{"line":174,"column":10},"end":{"line":174,"column":31}},{"start":{"line":174,"column":35},"end":{"line":174,"column":55}}],"line":174},"18":{"loc":{"start":{"line":189,"column":2},"end":{"line":191,"column":3}},"type":"if","locations":[{"start":{"line":189,"column":2},"end":{"line":191,"column":3}},{"start":{},"end":{}}],"line":189}},"s":{"0":2,"1":2,"2":2,"3":2,"4":0,"5":0,"6":0,"7":0,"8":0,"9":0,"10":0,"11":0,"12":0,"13":0,"14":0,"15":0,"16":0,"17":0,"18":0,"19":0,"20":0,"21":0,"22":0,"23":0,"24":0,"25":0,"26":0,"27":0,"28":0,"29":0,"30":0,"31":0,"32":0,"33":0,"34":0,"35":3,"36":3,"37":0,"38":0,"39":0,"40":0,"41":0,"42":0,"43":0,"44":0,"45":2,"46":2,"47":0,"48":0,"49":0,"50":0,"51":0,"52":0,"53":0,"54":0,"55":0,"56":0,"57":0,"58":0,"59":0,"60":0,"61":0,"62":0,"63":0,"64":0,"65":2},"f":{"0":2,"1":0,"2":0,"3":0,"4":0,"5":0,"6":0,"7":3,"8":0,"9":2,"10":0,"11":0,"12":0,"13":0},"b":{"0":[0,0],"1":[0,0],"2":[0,0],"3":[0],"4":[0,0],"5":[0,0],"6":[0,0],"7":[0,3],"8":[0,0],"9":[0,0],"10":[0,0],"11":[0],"12":[2],"13":[0,0],"14":[0,0],"15":[0,0],"16":[0,0],"17":[0,0],"18":[0,0]},"_coverageSchema":"1a1c01bbd47fc00a2c39e90264f33305004495a9","hash":"a34697659b3c1ff5da8113f591d1ebfdc3f084a2"}
,"/Users/adam/Documents/cdn/services/api/src/middleware/rateLimit.js": {"path":"/Users/adam/Documents/cdn/services/api/src/middleware/rateLimit.js","statementMap":{"0":{"start":{"line":1,"column":18},"end":{"line":1,"column":47}},"1":{"start":{"line":2,"column":15},"end":{"line":2,"column":41}},"2":{"start":{"line":7,"column":26},"end":{"line":31,"column":2}},"3":{"start":{"line":19,"column":8},"end":{"line":24,"column":11}},"4":{"start":{"line":25,"column":8},"end":{"line":25,"column":61}},"5":{"start":{"line":29,"column":8},"end":{"line":29,"column":78}},"6":{"start":{"line":36,"column":26},"end":{"line":53,"column":2}},"7":{"start":{"line":47,"column":8},"end":{"line":50,"column":11}},"8":{"start":{"line":51,"column":8},"end":{"line":51,"column":61}},"9":{"start":{"line":58,"column":28},"end":{"line":71,"column":2}},"10":{"start":{"line":69,"column":8},"end":{"line":69,"column":78}},"11":{"start":{"line":76,"column":25},"end":{"line":86,"column":2}},"12":{"start":{"line":88,"column":0},"end":{"line":93,"column":2}}},"fnMap":{"0":{"name":"(anonymous_0)","decl":{"start":{"line":18,"column":13},"end":{"line":18,"column":14}},"loc":{"start":{"line":18,"column":42},"end":{"line":26,"column":5}},"line":18},"1":{"name":"(anonymous_1)","decl":{"start":{"line":27,"column":18},"end":{"line":27,"column":19}},"loc":{"start":{"line":27,"column":27},"end":{"line":30,"column":5}},"line":27},"2":{"name":"(anonymous_2)","decl":{"start":{"line":46,"column":13},"end":{"line":46,"column":14}},"loc":{"start":{"line":46,"column":42},"end":{"line":52,"column":5}},"line":46},"3":{"name":"(anonymous_3)","decl":{"start":{"line":68,"column":18},"end":{"line":68,"column":19}},"loc":{"start":{"line":68,"column":27},"end":{"line":70,"column":5}},"line":68}},"branchMap":{"0":{"loc":{"start":{"line":8,"column":14},"end":{"line":8,"column":74}},"type":"binary-expr","locations":[{"start":{"line":8,"column":14},"end":{"line":8,"column":56}},{"start":{"line":8,"column":60},"end":{"line":8,"column":74}}],"line":8},"1":{"loc":{"start":{"line":9,"column":9},"end":{"line":9,"column":61}},"type":"binary-expr","locations":[{"start":{"line":9,"column":9},"end":{"line":9,"column":54}},{"start":{"line":9,"column":58},"end":{"line":9,"column":61}}],"line":9},"2":{"loc":{"start":{"line":29,"column":15},"end":{"line":29,"column":77}},"type":"binary-expr","locations":[{"start":{"line":29,"column":15},"end":{"line":29,"column":67}},{"start":{"line":29,"column":71},"end":{"line":29,"column":77}}],"line":29},"3":{"loc":{"start":{"line":69,"column":15},"end":{"line":69,"column":77}},"type":"binary-expr","locations":[{"start":{"line":69,"column":15},"end":{"line":69,"column":67}},{"start":{"line":69,"column":71},"end":{"line":69,"column":77}}],"line":69}},"s":{"0":2,"1":2,"2":2,"3":0,"4":0,"5":33,"6":2,"7":0,"8":0,"9":2,"10":2,"11":2,"12":2},"f":{"0":0,"1":33,"2":0,"3":2},"b":{"0":[2,2],"1":[2,2],"2":[33,33],"3":[2,2]},"_coverageSchema":"1a1c01bbd47fc00a2c39e90264f33305004495a9","hash":"0ecfe1c090d76bca36b9cf3afb0b51a82aa82761"}
,"/Users/adam/Documents/cdn/services/api/src/middleware/validation.js": {"path":"/Users/adam/Documents/cdn/services/api/src/middleware/validation.js","statementMap":{"0":{"start":{"line":1,"column":13},"end":{"line":1,"column":28}},"1":{"start":{"line":2,"column":15},"end":{"line":2,"column":41}},"2":{"start":{"line":7,"column":27},"end":{"line":41,"column":1}},"3":{"start":{"line":46,"column":27},"end":{"line":51,"column":1}},"4":{"start":{"line":57,"column":26},"end":{"line":57,"column":56}},"5":{"start":{"line":58,"column":4},"end":{"line":60,"column":5}},"6":{"start":{"line":59,"column":8},"end":{"line":59,"column":77}},"7":{"start":{"line":59,"column":51},"end":{"line":59,"column":75}},"8":{"start":{"line":61,"column":4},"end":{"line":68,"column":6}},"9":{"start":{"line":75,"column":4},"end":{"line":77,"column":5}},"10":{"start":{"line":76,"column":8},"end":{"line":76,"column":59}},"11":{"start":{"line":80,"column":4},"end":{"line":82,"column":5}},"12":{"start":{"line":81,"column":8},"end":{"line":81,"column":73}},"13":{"start":{"line":85,"column":4},"end":{"line":87,"column":5}},"14":{"start":{"line":86,"column":8},"end":{"line":86,"column":66}},"15":{"start":{"line":90,"column":4},"end":{"line":92,"column":5}},"16":{"start":{"line":91,"column":8},"end":{"line":91,"column":81}},"17":{"start":{"line":95,"column":4},"end":{"line":97,"column":5}},"18":{"start":{"line":96,"column":8},"end":{"line":96,"column":71}},"19":{"start":{"line":100,"column":16},"end":{"line":100,"column":52}},"20":{"start":{"line":102,"column":4},"end":{"line":104,"column":5}},"21":{"start":{"line":103,"column":8},"end":{"line":103,"column":100}},"22":{"start":{"line":106,"column":30},"end":{"line":106,"column":52}},"23":{"start":{"line":107,"column":4},"end":{"line":112,"column":5}},"24":{"start":{"line":108,"column":8},"end":{"line":111,"column":10}},"25":{"start":{"line":114,"column":4},"end":{"line":114,"column":27}},"26":{"start":{"line":121,"column":4},"end":{"line":123,"column":5}},"27":{"start":{"line":122,"column":8},"end":{"line":122,"column":60}},"28":{"start":{"line":125,"column":4},"end":{"line":130,"column":5}},"29":{"start":{"line":126,"column":8},"end":{"line":129,"column":10}},"30":{"start":{"line":132,"column":4},"end":{"line":132,"column":27}},"31":{"start":{"line":139,"column":20},"end":{"line":139,"column":68}},"32":{"start":{"line":141,"column":4},"end":{"line":143,"column":5}},"33":{"start":{"line":142,"column":8},"end":{"line":142,"column":60}},"34":{"start":{"line":145,"column":4},"end":{"line":151,"column":5}},"35":{"start":{"line":146,"column":26},"end":{"line":146,"column":61}},"36":{"start":{"line":147,"column":8},"end":{"line":150,"column":10}},"37":{"start":{"line":153,"column":4},"end":{"line":153,"column":27}},"38":{"start":{"line":160,"column":4},"end":{"line":166,"column":5}},"39":{"start":{"line":161,"column":8},"end":{"line":165,"column":11}},"40":{"start":{"line":168,"column":17},"end":{"line":168,"column":25}},"41":{"start":{"line":171,"column":31},"end":{"line":171,"column":66}},"42":{"start":{"line":172,"column":4},"end":{"line":182,"column":5}},"43":{"start":{"line":173,"column":8},"end":{"line":176,"column":11}},"44":{"start":{"line":177,"column":8},"end":{"line":181,"column":11}},"45":{"start":{"line":185,"column":27},"end":{"line":185,"column":58}},"46":{"start":{"line":186,"column":4},"end":{"line":197,"column":5}},"47":{"start":{"line":187,"column":8},"end":{"line":191,"column":11}},"48":{"start":{"line":192,"column":8},"end":{"line":196,"column":11}},"49":{"start":{"line":200,"column":27},"end":{"line":200,"column":54}},"50":{"start":{"line":201,"column":4},"end":{"line":212,"column":5}},"51":{"start":{"line":202,"column":8},"end":{"line":206,"column":11}},"52":{"start":{"line":207,"column":8},"end":{"line":211,"column":11}},"53":{"start":{"line":214,"column":4},"end":{"line":214,"column":11}},"54":{"start":{"line":222,"column":20},"end":{"line":222,"column":43}},"55":{"start":{"line":225,"column":4},"end":{"line":225,"column":59}},"56":{"start":{"line":228,"column":4},"end":{"line":228,"column":46}},"57":{"start":{"line":231,"column":4},"end":{"line":231,"column":48}},"58":{"start":{"line":234,"column":4},"end":{"line":238,"column":5}},"59":{"start":{"line":235,"column":20},"end":{"line":235,"column":43}},"60":{"start":{"line":236,"column":21},"end":{"line":236,"column":50}},"61":{"start":{"line":237,"column":8},"end":{"line":237,"column":62}},"62":{"start":{"line":240,"column":4},"end":{"line":240,"column":39}},"63":{"start":{"line":243,"column":0},"end":{"line":252,"column":2}}},"fnMap":{"0":{"name":"getAllowedExtensions","decl":{"start":{"line":56,"column":9},"end":{"line":56,"column":29}},"loc":{"start":{"line":56,"column":32},"end":{"line":69,"column":1}},"line":56},"1":{"name":"(anonymous_1)","decl":{"start":{"line":59,"column":44},"end":{"line":59,"column":45}},"loc":{"start":{"line":59,"column":51},"end":{"line":59,"column":75}},"line":59},"2":{"name":"validateFileName","decl":{"start":{"line":74,"column":9},"end":{"line":74,"column":25}},"loc":{"start":{"line":74,"column":36},"end":{"line":115,"column":1}},"line":74},"3":{"name":"validateMimeType","decl":{"start":{"line":120,"column":9},"end":{"line":120,"column":25}},"loc":{"start":{"line":120,"column":36},"end":{"line":133,"column":1}},"line":120},"4":{"name":"validateFileSize","decl":{"start":{"line":138,"column":9},"end":{"line":138,"column":25}},"loc":{"start":{"line":138,"column":32},"end":{"line":154,"column":1}},"line":138},"5":{"name":"validateUpload","decl":{"start":{"line":159,"column":9},"end":{"line":159,"column":23}},"loc":{"start":{"line":159,"column":40},"end":{"line":215,"column":1}},"line":159},"6":{"name":"sanitizeFileName","decl":{"start":{"line":220,"column":9},"end":{"line":220,"column":25}},"loc":{"start":{"line":220,"column":36},"end":{"line":241,"column":1}},"line":220}},"branchMap":{"0":{"loc":{"start":{"line":58,"column":4},"end":{"line":60,"column":5}},"type":"if","locations":[{"start":{"line":58,"column":4},"end":{"line":60,"column":5}},{"start":{},"end":{}}],"line":58},"1":{"loc":{"start":{"line":75,"column":4},"end":{"line":77,"column":5}},"type":"if","locations":[{"start":{"line":75,"column":4},"end":{"line":77,"column":5}},{"start":{},"end":{}}],"line":75},"2":{"loc":{"start":{"line":75,"column":8},"end":{"line":75,"column":49}},"type":"binary-expr","locations":[{"start":{"line":75,"column":8},"end":{"line":75,"column":17}},{"start":{"line":75,"column":21},"end":{"line":75,"column":49}}],"line":75},"3":{"loc":{"start":{"line":80,"column":4},"end":{"line":82,"column":5}},"type":"if","locations":[{"start":{"line":80,"column":4},"end":{"line":82,"column":5}},{"start":{},"end":{}}],"line":80},"4":{"loc":{"start":{"line":80,"column":8},"end":{"line":80,"column":84}},"type":"binary-expr","locations":[{"start":{"line":80,"column":8},"end":{"line":80,"column":31}},{"start":{"line":80,"column":35},"end":{"line":80,"column":57}},{"start":{"line":80,"column":61},"end":{"line":80,"column":84}}],"line":80},"5":{"loc":{"start":{"line":85,"column":4},"end":{"line":87,"column":5}},"type":"if","locations":[{"start":{"line":85,"column":4},"end":{"line":87,"column":5}},{"start":{},"end":{}}],"line":85},"6":{"loc":{"start":{"line":90,"column":4},"end":{"line":92,"column":5}},"type":"if","locations":[{"start":{"line":90,"column":4},"end":{"line":92,"column":5}},{"start":{},"end":{}}],"line":90},"7":{"loc":{"start":{"line":95,"column":4},"end":{"line":97,"column":5}},"type":"if","locations":[{"start":{"line":95,"column":4},"end":{"line":97,"column":5}},{"start":{},"end":{}}],"line":95},"8":{"loc":{"start":{"line":102,"column":4},"end":{"line":104,"column":5}},"type":"if","locations":[{"start":{"line":102,"column":4},"end":{"line":104,"column":5}},{"start":{},"end":{}}],"line":102},"9":{"loc":{"start":{"line":107,"column":4},"end":{"line":112,"column":5}},"type":"if","locations":[{"start":{"line":107,"column":4},"end":{"line":112,"column":5}},{"start":{},"end":{}}],"line":107},"10":{"loc":{"start":{"line":121,"column":4},"end":{"line":123,"column":5}},"type":"if","locations":[{"start":{"line":121,"column":4},"end":{"line":123,"column":5}},{"start":{},"end":{}}],"line":121},"11":{"loc":{"start":{"line":121,"column":8},"end":{"line":121,"column":49}},"type":"binary-expr","locations":[{"start":{"line":121,"column":8},"end":{"line":121,"column":17}},{"start":{"line":121,"column":21},"end":{"line":121,"column":49}}],"line":121},"12":{"loc":{"start":{"line":125,"column":4},"end":{"line":130,"column":5}},"type":"if","locations":[{"start":{"line":125,"column":4},"end":{"line":130,"column":5}},{"start":{},"end":{}}],"line":125},"13":{"loc":{"start":{"line":139,"column":20},"end":{"line":139,"column":68}},"type":"binary-expr","locations":[{"start":{"line":139,"column":20},"end":{"line":139,"column":55}},{"start":{"line":139,"column":59},"end":{"line":139,"column":68}}],"line":139},"14":{"loc":{"start":{"line":141,"column":4},"end":{"line":143,"column":5}},"type":"if","locations":[{"start":{"line":141,"column":4},"end":{"line":143,"column":5}},{"start":{},"end":{}}],"line":141},"15":{"loc":{"start":{"line":141,"column":8},"end":{"line":141,"column":26}},"type":"binary-expr","locations":[{"start":{"line":141,"column":8},"end":{"line":141,"column":13}},{"start":{"line":141,"column":17},"end":{"line":141,"column":26}}],"line":141},"16":{"loc":{"start":{"line":145,"column":4},"end":{"line":151,"column":5}},"type":"if","locations":[{"start":{"line":145,"column":4},"end":{"line":151,"column":5}},{"start":{},"end":{}}],"line":145},"17":{"loc":{"start":{"line":160,"column":4},"end":{"line":166,"column":5}},"type":"if","locations":[{"start":{"line":160,"column":4},"end":{"line":166,"column":5}},{"start":{},"end":{}}],"line":160},"18":{"loc":{"start":{"line":172,"column":4},"end":{"line":182,"column":5}},"type":"if","locations":[{"start":{"line":172,"column":4},"end":{"line":182,"column":5}},{"start":{},"end":{}}],"line":172},"19":{"loc":{"start":{"line":186,"column":4},"end":{"line":197,"column":5}},"type":"if","locations":[{"start":{"line":186,"column":4},"end":{"line":197,"column":5}},{"start":{},"end":{}}],"line":186},"20":{"loc":{"start":{"line":201,"column":4},"end":{"line":212,"column":5}},"type":"if","locations":[{"start":{"line":201,"column":4},"end":{"line":212,"column":5}},{"start":{},"end":{}}],"line":201},"21":{"loc":{"start":{"line":234,"column":4},"end":{"line":238,"column":5}},"type":"if","locations":[{"start":{"line":234,"column":4},"end":{"line":238,"column":5}},{"start":{},"end":{}}],"line":234},"22":{"loc":{"start":{"line":240,"column":11},"end":{"line":240,"column":38}},"type":"binary-expr","locations":[{"start":{"line":240,"column":11},"end":{"line":240,"column":20}},{"start":{"line":240,"column":24},"end":{"line":240,"column":38}}],"line":240}},"s":{"0":2,"1":2,"2":2,"3":2,"4":3,"5":3,"6":0,"7":0,"8":3,"9":7,"10":0,"11":7,"12":2,"13":5,"14":0,"15":5,"16":0,"17":5,"18":0,"19":5,"20":5,"21":2,"22":3,"23":3,"24":0,"25":3,"26":0,"27":0,"28":0,"29":0,"30":0,"31":0,"32":0,"33":0,"34":0,"35":0,"36":0,"37":0,"38":0,"39":0,"40":0,"41":0,"42":0,"43":0,"44":0,"45":0,"46":0,"47":0,"48":0,"49":0,"50":0,"51":0,"52":0,"53":0,"54":3,"55":3,"56":3,"57":3,"58":3,"59":0,"60":0,"61":0,"62":3,"63":2},"f":{"0":3,"1":0,"2":7,"3":0,"4":0,"5":0,"6":3},"b":{"0":[0,3],"1":[0,7],"2":[7,7],"3":[2,5],"4":[7,5,5],"5":[0,5],"6":[0,5],"7":[0,5],"8":[2,3],"9":[0,3],"10":[0,0],"11":[0,0],"12":[0,0],"13":[0,0],"14":[0,0],"15":[0,0],"16":[0,0],"17":[0,0],"18":[0,0],"19":[0,0],"20":[0,0],"21":[0,3],"22":[3,0]},"_coverageSchema":"1a1c01bbd47fc00a2c39e90264f33305004495a9","hash":"2d63502548d731844bed65b5f5585e5f8ef19eba"}
,"/Users/adam/Documents/cdn/services/api/src/models/AccessLog.js": {"path":"/Users/adam/Documents/cdn/services/api/src/models/AccessLog.js","statementMap":{"0":{"start":{"line":1,"column":18},"end":{"line":1,"column":47}},"1":{"start":{"line":2,"column":15},"end":{"line":2,"column":41}},"2":{"start":{"line":20,"column":12},"end":{"line":20,"column":16}},"3":{"start":{"line":22,"column":20},"end":{"line":27,"column":9}},"4":{"start":{"line":29,"column":8},"end":{"line":47,"column":9}},"5":{"start":{"line":30,"column":27},"end":{"line":41,"column":14}},"6":{"start":{"line":42,"column":12},"end":{"line":42,"column":34}},"7":{"start":{"line":45,"column":12},"end":{"line":45,"column":64}},"8":{"start":{"line":46,"column":12},"end":{"line":46,"column":24}},"9":{"start":{"line":54,"column":8},"end":{"line":57,"column":11}},"10":{"start":{"line":64,"column":8},"end":{"line":67,"column":11}},"11":{"start":{"line":74,"column":8},"end":{"line":77,"column":11}},"12":{"start":{"line":84,"column":8},"end":{"line":87,"column":11}},"13":{"start":{"line":94,"column":41},"end":{"line":94,"column":48}},"14":{"start":{"line":95,"column":23},"end":{"line":95,"column":41}},"15":{"start":{"line":97,"column":20},"end":{"line":102,"column":9}},"16":{"start":{"line":104,"column":23},"end":{"line":104,"column":64}},"17":{"start":{"line":106,"column":28},"end":{"line":109,"column":9}},"18":{"start":{"line":110,"column":22},"end":{"line":110,"column":57}},"19":{"start":{"line":112,"column":8},"end":{"line":120,"column":10}},"20":{"start":{"line":135,"column":12},"end":{"line":135,"column":19}},"21":{"start":{"line":137,"column":23},"end":{"line":137,"column":41}},"22":{"start":{"line":138,"column":23},"end":{"line":138,"column":25}},"23":{"start":{"line":139,"column":27},"end":{"line":139,"column":29}},"24":{"start":{"line":140,"column":25},"end":{"line":140,"column":26}},"25":{"start":{"line":142,"column":8},"end":{"line":146,"column":9}},"26":{"start":{"line":143,"column":12},"end":{"line":143,"column":55}},"27":{"start":{"line":144,"column":12},"end":{"line":144,"column":32}},"28":{"start":{"line":145,"column":12},"end":{"line":145,"column":25}},"29":{"start":{"line":148,"column":8},"end":{"line":152,"column":9}},"30":{"start":{"line":149,"column":12},"end":{"line":149,"column":60}},"31":{"start":{"line":150,"column":12},"end":{"line":150,"column":36}},"32":{"start":{"line":151,"column":12},"end":{"line":151,"column":25}},"33":{"start":{"line":154,"column":8},"end":{"line":158,"column":9}},"34":{"start":{"line":155,"column":12},"end":{"line":155,"column":59}},"35":{"start":{"line":156,"column":12},"end":{"line":156,"column":35}},"36":{"start":{"line":157,"column":12},"end":{"line":157,"column":25}},"37":{"start":{"line":160,"column":8},"end":{"line":164,"column":9}},"38":{"start":{"line":161,"column":12},"end":{"line":161,"column":60}},"39":{"start":{"line":162,"column":12},"end":{"line":162,"column":35}},"40":{"start":{"line":163,"column":12},"end":{"line":163,"column":25}},"41":{"start":{"line":166,"column":8},"end":{"line":170,"column":9}},"42":{"start":{"line":167,"column":12},"end":{"line":167,"column":60}},"43":{"start":{"line":168,"column":12},"end":{"line":168,"column":33}},"44":{"start":{"line":169,"column":12},"end":{"line":169,"column":25}},"45":{"start":{"line":172,"column":18},"end":{"line":176,"column":9}},"46":{"start":{"line":178,"column":8},"end":{"line":180,"column":9}},"47":{"start":{"line":179,"column":12},"end":{"line":179,"column":56}},"48":{"start":{"line":182,"column":8},"end":{"line":182,"column":92}},"49":{"start":{"line":183,"column":8},"end":{"line":183,"column":35}},"50":{"start":{"line":185,"column":23},"end":{"line":185,"column":47}},"51":{"start":{"line":188,"column":23},"end":{"line":188,"column":59}},"52":{"start":{"line":189,"column":8},"end":{"line":191,"column":9}},"53":{"start":{"line":190,"column":12},"end":{"line":190,"column":61}},"54":{"start":{"line":192,"column":28},"end":{"line":192,"column":47}},"55":{"start":{"line":193,"column":28},"end":{"line":193,"column":62}},"56":{"start":{"line":194,"column":22},"end":{"line":194,"column":57}},"57":{"start":{"line":196,"column":8},"end":{"line":204,"column":10}},"58":{"start":{"line":211,"column":53},"end":{"line":211,"column":60}},"59":{"start":{"line":213,"column":25},"end":{"line":213,"column":27}},"60":{"start":{"line":214,"column":23},"end":{"line":214,"column":25}},"61":{"start":{"line":216,"column":8},"end":{"line":226,"column":9}},"62":{"start":{"line":217,"column":12},"end":{"line":217,"column":51}},"63":{"start":{"line":218,"column":12},"end":{"line":218,"column":35}},"64":{"start":{"line":219,"column":12},"end":{"line":222,"column":13}},"65":{"start":{"line":220,"column":16},"end":{"line":220,"column":54}},"66":{"start":{"line":221,"column":16},"end":{"line":221,"column":37}},"67":{"start":{"line":223,"column":15},"end":{"line":226,"column":9}},"68":{"start":{"line":224,"column":12},"end":{"line":224,"column":51}},"69":{"start":{"line":225,"column":12},"end":{"line":225,"column":33}},"70":{"start":{"line":228,"column":20},"end":{"line":239,"column":9}},"71":{"start":{"line":241,"column":23},"end":{"line":241,"column":47}},"72":{"start":{"line":242,"column":8},"end":{"line":242,"column":30}},"73":{"start":{"line":249,"column":20},"end":{"line":261,"column":9}},"74":{"start":{"line":263,"column":23},"end":{"line":263,"column":48}},"75":{"start":{"line":264,"column":8},"end":{"line":264,"column":27}},"76":{"start":{"line":271,"column":41},"end":{"line":271,"column":48}},"77":{"start":{"line":272,"column":23},"end":{"line":272,"column":41}},"78":{"start":{"line":274,"column":20},"end":{"line":281,"column":9}},"79":{"start":{"line":283,"column":23},"end":{"line":283,"column":67}},"80":{"start":{"line":284,"column":8},"end":{"line":284,"column":27}},"81":{"start":{"line":291,"column":20},"end":{"line":295,"column":9}},"82":{"start":{"line":297,"column":23},"end":{"line":297,"column":39}},"83":{"start":{"line":298,"column":8},"end":{"line":298,"column":31}},"84":{"start":{"line":305,"column":20},"end":{"line":323,"column":9}},"85":{"start":{"line":325,"column":8},"end":{"line":337,"column":9}},"86":{"start":{"line":326,"column":27},"end":{"line":326,"column":43}},"87":{"start":{"line":327,"column":12},"end":{"line":333,"column":16}},"88":{"start":{"line":327,"column":43},"end":{"line":333,"column":13}},"89":{"start":{"line":335,"column":12},"end":{"line":335,"column":62}},"90":{"start":{"line":336,"column":12},"end":{"line":336,"column":22}},"91":{"start":{"line":341,"column":0},"end":{"line":341,"column":27}}},"fnMap":{"0":{"name":"(anonymous_0)","decl":{"start":{"line":8,"column":4},"end":{"line":8,"column":5}},"loc":{"start":{"line":8,"column":30},"end":{"line":48,"column":5}},"line":8},"1":{"name":"(anonymous_1)","decl":{"start":{"line":53,"column":4},"end":{"line":53,"column":5}},"loc":{"start":{"line":53,"column":35},"end":{"line":58,"column":5}},"line":53},"2":{"name":"(anonymous_2)","decl":{"start":{"line":63,"column":4},"end":{"line":63,"column":5}},"loc":{"start":{"line":63,"column":33},"end":{"line":68,"column":5}},"line":63},"3":{"name":"(anonymous_3)","decl":{"start":{"line":73,"column":4},"end":{"line":73,"column":5}},"loc":{"start":{"line":73,"column":38},"end":{"line":78,"column":5}},"line":73},"4":{"name":"(anonymous_4)","decl":{"start":{"line":83,"column":4},"end":{"line":83,"column":5}},"loc":{"start":{"line":83,"column":33},"end":{"line":88,"column":5}},"line":83},"5":{"name":"(anonymous_5)","decl":{"start":{"line":93,"column":4},"end":{"line":93,"column":5}},"loc":{"start":{"line":93,"column":52},"end":{"line":121,"column":5}},"line":93},"6":{"name":"(anonymous_6)","decl":{"start":{"line":126,"column":4},"end":{"line":126,"column":5}},"loc":{"start":{"line":126,"column":39},"end":{"line":205,"column":5}},"line":126},"7":{"name":"(anonymous_7)","decl":{"start":{"line":210,"column":4},"end":{"line":210,"column":5}},"loc":{"start":{"line":210,"column":40},"end":{"line":243,"column":5}},"line":210},"8":{"name":"(anonymous_8)","decl":{"start":{"line":248,"column":4},"end":{"line":248,"column":5}},"loc":{"start":{"line":248,"column":41},"end":{"line":265,"column":5}},"line":248},"9":{"name":"(anonymous_9)","decl":{"start":{"line":270,"column":4},"end":{"line":270,"column":5}},"loc":{"start":{"line":270,"column":57},"end":{"line":285,"column":5}},"line":270},"10":{"name":"(anonymous_10)","decl":{"start":{"line":290,"column":4},"end":{"line":290,"column":5}},"loc":{"start":{"line":290,"column":44},"end":{"line":299,"column":5}},"line":290},"11":{"name":"(anonymous_11)","decl":{"start":{"line":304,"column":4},"end":{"line":304,"column":5}},"loc":{"start":{"line":304,"column":41},"end":{"line":338,"column":5}},"line":304},"12":{"name":"(anonymous_12)","decl":{"start":{"line":327,"column":35},"end":{"line":327,"column":36}},"loc":{"start":{"line":327,"column":43},"end":{"line":333,"column":13}},"line":327}},"branchMap":{"0":{"loc":{"start":{"line":10,"column":12},"end":{"line":10,"column":25}},"type":"default-arg","locations":[{"start":{"line":10,"column":21},"end":{"line":10,"column":25}}],"line":10},"1":{"loc":{"start":{"line":11,"column":12},"end":{"line":11,"column":26}},"type":"default-arg","locations":[{"start":{"line":11,"column":22},"end":{"line":11,"column":26}}],"line":11},"2":{"loc":{"start":{"line":14,"column":12},"end":{"line":14,"column":28}},"type":"default-arg","locations":[{"start":{"line":14,"column":24},"end":{"line":14,"column":28}}],"line":14},"3":{"loc":{"start":{"line":15,"column":12},"end":{"line":15,"column":26}},"type":"default-arg","locations":[{"start":{"line":15,"column":22},"end":{"line":15,"column":26}}],"line":15},"4":{"loc":{"start":{"line":17,"column":12},"end":{"line":17,"column":33}},"type":"default-arg","locations":[{"start":{"line":17,"column":29},"end":{"line":17,"column":33}}],"line":17},"5":{"loc":{"start":{"line":18,"column":12},"end":{"line":18,"column":31}},"type":"default-arg","locations":[{"start":{"line":18,"column":27},"end":{"line":18,"column":31}}],"line":18},"6":{"loc":{"start":{"line":19,"column":12},"end":{"line":19,"column":27}},"type":"default-arg","locations":[{"start":{"line":19,"column":23},"end":{"line":19,"column":27}}],"line":19},"7":{"loc":{"start":{"line":40,"column":16},"end":{"line":40,"column":58}},"type":"cond-expr","locations":[{"start":{"line":40,"column":27},"end":{"line":40,"column":51}},{"start":{"line":40,"column":54},"end":{"line":40,"column":58}}],"line":40},"8":{"loc":{"start":{"line":93,"column":38},"end":{"line":93,"column":50}},"type":"default-arg","locations":[{"start":{"line":93,"column":48},"end":{"line":93,"column":50}}],"line":93},"9":{"loc":{"start":{"line":94,"column":16},"end":{"line":94,"column":24}},"type":"default-arg","locations":[{"start":{"line":94,"column":23},"end":{"line":94,"column":24}}],"line":94},"10":{"loc":{"start":{"line":94,"column":26},"end":{"line":94,"column":36}},"type":"default-arg","locations":[{"start":{"line":94,"column":34},"end":{"line":94,"column":36}}],"line":94},"11":{"loc":{"start":{"line":126,"column":25},"end":{"line":126,"column":37}},"type":"default-arg","locations":[{"start":{"line":126,"column":35},"end":{"line":126,"column":37}}],"line":126},"12":{"loc":{"start":{"line":128,"column":12},"end":{"line":128,"column":20}},"type":"default-arg","locations":[{"start":{"line":128,"column":19},"end":{"line":128,"column":20}}],"line":128},"13":{"loc":{"start":{"line":129,"column":12},"end":{"line":129,"column":22}},"type":"default-arg","locations":[{"start":{"line":129,"column":20},"end":{"line":129,"column":22}}],"line":129},"14":{"loc":{"start":{"line":130,"column":12},"end":{"line":130,"column":25}},"type":"default-arg","locations":[{"start":{"line":130,"column":21},"end":{"line":130,"column":25}}],"line":130},"15":{"loc":{"start":{"line":131,"column":12},"end":{"line":131,"column":29}},"type":"default-arg","locations":[{"start":{"line":131,"column":25},"end":{"line":131,"column":29}}],"line":131},"16":{"loc":{"start":{"line":132,"column":12},"end":{"line":132,"column":28}},"type":"default-arg","locations":[{"start":{"line":132,"column":24},"end":{"line":132,"column":28}}],"line":132},"17":{"loc":{"start":{"line":133,"column":12},"end":{"line":133,"column":28}},"type":"default-arg","locations":[{"start":{"line":133,"column":24},"end":{"line":133,"column":28}}],"line":133},"18":{"loc":{"start":{"line":134,"column":12},"end":{"line":134,"column":26}},"type":"default-arg","locations":[{"start":{"line":134,"column":22},"end":{"line":134,"column":26}}],"line":134},"19":{"loc":{"start":{"line":142,"column":8},"end":{"line":146,"column":9}},"type":"if","locations":[{"start":{"line":142,"column":8},"end":{"line":146,"column":9}},{"start":{},"end":{}}],"line":142},"20":{"loc":{"start":{"line":148,"column":8},"end":{"line":152,"column":9}},"type":"if","locations":[{"start":{"line":148,"column":8},"end":{"line":152,"column":9}},{"start":{},"end":{}}],"line":148},"21":{"loc":{"start":{"line":154,"column":8},"end":{"line":158,"column":9}},"type":"if","locations":[{"start":{"line":154,"column":8},"end":{"line":158,"column":9}},{"start":{},"end":{}}],"line":154},"22":{"loc":{"start":{"line":160,"column":8},"end":{"line":164,"column":9}},"type":"if","locations":[{"start":{"line":160,"column":8},"end":{"line":164,"column":9}},{"start":{},"end":{}}],"line":160},"23":{"loc":{"start":{"line":166,"column":8},"end":{"line":170,"column":9}},"type":"if","locations":[{"start":{"line":166,"column":8},"end":{"line":170,"column":9}},{"start":{},"end":{}}],"line":166},"24":{"loc":{"start":{"line":178,"column":8},"end":{"line":180,"column":9}},"type":"if","locations":[{"start":{"line":178,"column":8},"end":{"line":180,"column":9}},{"start":{},"end":{}}],"line":178},"25":{"loc":{"start":{"line":189,"column":8},"end":{"line":191,"column":9}},"type":"if","locations":[{"start":{"line":189,"column":8},"end":{"line":191,"column":9}},{"start":{},"end":{}}],"line":189},"26":{"loc":{"start":{"line":210,"column":26},"end":{"line":210,"column":38}},"type":"default-arg","locations":[{"start":{"line":210,"column":36},"end":{"line":210,"column":38}}],"line":210},"27":{"loc":{"start":{"line":211,"column":16},"end":{"line":211,"column":32}},"type":"default-arg","locations":[{"start":{"line":211,"column":28},"end":{"line":211,"column":32}}],"line":211},"28":{"loc":{"start":{"line":211,"column":34},"end":{"line":211,"column":48}},"type":"default-arg","locations":[{"start":{"line":211,"column":44},"end":{"line":211,"column":48}}],"line":211},"29":{"loc":{"start":{"line":216,"column":8},"end":{"line":226,"column":9}},"type":"if","locations":[{"start":{"line":216,"column":8},"end":{"line":226,"column":9}},{"start":{"line":223,"column":15},"end":{"line":226,"column":9}}],"line":216},"30":{"loc":{"start":{"line":219,"column":12},"end":{"line":222,"column":13}},"type":"if","locations":[{"start":{"line":219,"column":12},"end":{"line":222,"column":13}},{"start":{},"end":{}}],"line":219},"31":{"loc":{"start":{"line":223,"column":15},"end":{"line":226,"column":9}},"type":"if","locations":[{"start":{"line":223,"column":15},"end":{"line":226,"column":9}},{"start":{},"end":{}}],"line":223},"32":{"loc":{"start":{"line":248,"column":29},"end":{"line":248,"column":39}},"type":"default-arg","locations":[{"start":{"line":248,"column":37},"end":{"line":248,"column":39}}],"line":248},"33":{"loc":{"start":{"line":270,"column":43},"end":{"line":270,"column":55}},"type":"default-arg","locations":[{"start":{"line":270,"column":53},"end":{"line":270,"column":55}}],"line":270},"34":{"loc":{"start":{"line":271,"column":16},"end":{"line":271,"column":24}},"type":"default-arg","locations":[{"start":{"line":271,"column":23},"end":{"line":271,"column":24}}],"line":271},"35":{"loc":{"start":{"line":271,"column":26},"end":{"line":271,"column":36}},"type":"default-arg","locations":[{"start":{"line":271,"column":34},"end":{"line":271,"column":36}}],"line":271},"36":{"loc":{"start":{"line":290,"column":33},"end":{"line":290,"column":42}},"type":"default-arg","locations":[{"start":{"line":290,"column":40},"end":{"line":290,"column":42}}],"line":290},"37":{"loc":{"start":{"line":304,"column":31},"end":{"line":304,"column":39}},"type":"default-arg","locations":[{"start":{"line":304,"column":38},"end":{"line":304,"column":39}}],"line":304},"38":{"loc":{"start":{"line":329,"column":27},"end":{"line":329,"column":55}},"type":"binary-expr","locations":[{"start":{"line":329,"column":27},"end":{"line":329,"column":50}},{"start":{"line":329,"column":54},"end":{"line":329,"column":55}}],"line":329},"39":{"loc":{"start":{"line":330,"column":25},"end":{"line":330,"column":51}},"type":"binary-expr","locations":[{"start":{"line":330,"column":25},"end":{"line":330,"column":46}},{"start":{"line":330,"column":50},"end":{"line":330,"column":51}}],"line":330},"40":{"loc":{"start":{"line":331,"column":32},"end":{"line":331,"column":66}},"type":"binary-expr","locations":[{"start":{"line":331,"column":32},"end":{"line":331,"column":61}},{"start":{"line":331,"column":65},"end":{"line":331,"column":66}}],"line":331},"41":{"loc":{"start":{"line":332,"column":31},"end":{"line":332,"column":64}},"type":"binary-expr","locations":[{"start":{"line":332,"column":31},"end":{"line":332,"column":59}},{"start":{"line":332,"column":63},"end":{"line":332,"column":64}}],"line":332}},"s":{"0":2,"1":2,"2":3,"3":3,"4":3,"5":3,"6":3,"7":1,"8":1,"9":2,"10":0,"11":1,"12":0,"13":0,"14":0,"15":0,"16":0,"17":0,"18":0,"19":0,"20":2,"21":2,"22":2,"23":2,"24":2,"25":2,"26":0,"27":0,"28":0,"29":2,"30":0,"31":0,"32":0,"33":2,"34":0,"35":0,"36":0,"37":2,"38":0,"39":0,"40":0,"41":2,"42":0,"43":0,"44":0,"45":2,"46":2,"47":0,"48":2,"49":2,"50":2,"51":2,"52":2,"53":0,"54":2,"55":2,"56":2,"57":2,"58":1,"59":1,"60":1,"61":1,"62":0,"63":0,"64":0,"65":0,"66":0,"67":1,"68":0,"69":0,"70":1,"71":1,"72":1,"73":0,"74":0,"75":0,"76":0,"77":0,"78":0,"79":0,"80":0,"81":0,"82":0,"83":0,"84":0,"85":0,"86":0,"87":0,"88":0,"89":0,"90":0,"91":2},"f":{"0":3,"1":2,"2":0,"3":1,"4":0,"5":0,"6":2,"7":1,"8":0,"9":0,"10":0,"11":0,"12":0},"b":{"0":[1],"1":[1],"2":[3],"3":[3],"4":[0],"5":[1],"6":[2],"7":[1,2],"8":[0],"9":[0],"10":[0],"11":[0],"12":[0],"13":[0],"14":[2],"15":[0],"16":[2],"17":[2],"18":[2],"19":[0,2],"20":[0,2],"21":[0,2],"22":[0,2],"23":[0,2],"24":[0,2],"25":[0,2],"26":[1],"27":[1],"28":[1],"29":[0,1],"30":[0,0],"31":[0,1],"32":[0],"33":[0],"34":[0],"35":[0],"36":[0],"37":[0],"38":[0,0],"39":[0,0],"40":[0,0],"41":[0,0]},"_coverageSchema":"1a1c01bbd47fc00a2c39e90264f33305004495a9","hash":"e740b61c8a5648ff828b253766a494705b2ba26d"}
,"/Users/adam/Documents/cdn/services/api/src/models/AdminUser.js": {"path":"/Users/adam/Documents/cdn/services/api/src/models/AdminUser.js","statementMap":{"0":{"start":{"line":1,"column":18},"end":{"line":1,"column":47}},"1":{"start":{"line":2,"column":15},"end":{"line":2,"column":34}},"2":{"start":{"line":3,"column":15},"end":{"line":3,"column":32}},"3":{"start":{"line":4,"column":15},"end":{"line":4,"column":41}},"4":{"start":{"line":11,"column":80},"end":{"line":11,"column":84}},"5":{"start":{"line":14,"column":21},"end":{"line":14,"column":45}},"6":{"start":{"line":15,"column":29},"end":{"line":15,"column":62}},"7":{"start":{"line":17,"column":20},"end":{"line":21,"column":9}},"8":{"start":{"line":23,"column":23},"end":{"line":23,"column":89}},"9":{"start":{"line":24,"column":8},"end":{"line":24,"column":30}},"10":{"start":{"line":31,"column":20},"end":{"line":35,"column":9}},"11":{"start":{"line":37,"column":23},"end":{"line":37,"column":45}},"12":{"start":{"line":38,"column":8},"end":{"line":38,"column":38}},"13":{"start":{"line":45,"column":20},"end":{"line":45,"column":67}},"14":{"start":{"line":46,"column":23},"end":{"line":46,"column":51}},"15":{"start":{"line":47,"column":8},"end":{"line":47,"column":38}},"16":{"start":{"line":54,"column":20},"end":{"line":54,"column":64}},"17":{"start":{"line":55,"column":23},"end":{"line":55,"column":48}},"18":{"start":{"line":56,"column":8},"end":{"line":56,"column":38}},"19":{"start":{"line":63,"column":8},"end":{"line":63,"column":61}},"20":{"start":{"line":70,"column":20},"end":{"line":75,"column":9}},"21":{"start":{"line":76,"column":23},"end":{"line":76,"column":45}},"22":{"start":{"line":77,"column":8},"end":{"line":77,"column":30}},"23":{"start":{"line":84,"column":20},"end":{"line":88,"column":9}},"24":{"start":{"line":89,"column":23},"end":{"line":89,"column":39}},"25":{"start":{"line":90,"column":8},"end":{"line":90,"column":27}},"26":{"start":{"line":97,"column":23},"end":{"line":97,"column":25}},"27":{"start":{"line":98,"column":23},"end":{"line":98,"column":25}},"28":{"start":{"line":99,"column":25},"end":{"line":99,"column":26}},"29":{"start":{"line":101,"column":30},"end":{"line":101,"column":72}},"30":{"start":{"line":103,"column":8},"end":{"line":110,"column":9}},"31":{"start":{"line":104,"column":29},"end":{"line":104,"column":88}},"32":{"start":{"line":104,"column":61},"end":{"line":104,"column":87}},"33":{"start":{"line":105,"column":12},"end":{"line":109,"column":13}},"34":{"start":{"line":106,"column":16},"end":{"line":106,"column":60}},"35":{"start":{"line":107,"column":16},"end":{"line":107,"column":35}},"36":{"start":{"line":108,"column":16},"end":{"line":108,"column":29}},"37":{"start":{"line":112,"column":8},"end":{"line":112,"column":45}},"38":{"start":{"line":112,"column":33},"end":{"line":112,"column":45}},"39":{"start":{"line":114,"column":8},"end":{"line":114,"column":24}},"40":{"start":{"line":115,"column":20},"end":{"line":120,"column":9}},"41":{"start":{"line":122,"column":23},"end":{"line":122,"column":47}},"42":{"start":{"line":123,"column":8},"end":{"line":123,"column":38}},"43":{"start":{"line":130,"column":21},"end":{"line":130,"column":45}},"44":{"start":{"line":131,"column":29},"end":{"line":131,"column":65}},"45":{"start":{"line":133,"column":20},"end":{"line":138,"column":9}},"46":{"start":{"line":140,"column":23},"end":{"line":140,"column":59}},"47":{"start":{"line":141,"column":8},"end":{"line":141,"column":38}},"48":{"start":{"line":148,"column":20},"end":{"line":148,"column":72}},"49":{"start":{"line":149,"column":23},"end":{"line":149,"column":45}},"50":{"start":{"line":150,"column":8},"end":{"line":150,"column":38}},"51":{"start":{"line":157,"column":20},"end":{"line":157,"column":54}},"52":{"start":{"line":158,"column":23},"end":{"line":158,"column":39}},"53":{"start":{"line":159,"column":8},"end":{"line":159,"column":46}},"54":{"start":{"line":166,"column":22},"end":{"line":166,"column":40}},"55":{"start":{"line":167,"column":8},"end":{"line":167,"column":25}},"56":{"start":{"line":176,"column":29},"end":{"line":176,"column":67}},"57":{"start":{"line":177,"column":26},"end":{"line":177,"column":36}},"58":{"start":{"line":178,"column":8},"end":{"line":178,"column":51}},"59":{"start":{"line":180,"column":20},"end":{"line":184,"column":9}},"60":{"start":{"line":186,"column":23},"end":{"line":186,"column":96}},"61":{"start":{"line":187,"column":8},"end":{"line":187,"column":30}},"62":{"start":{"line":194,"column":20},"end":{"line":201,"column":9}},"63":{"start":{"line":203,"column":23},"end":{"line":203,"column":55}},"64":{"start":{"line":204,"column":8},"end":{"line":204,"column":38}},"65":{"start":{"line":211,"column":20},"end":{"line":215,"column":9}},"66":{"start":{"line":216,"column":8},"end":{"line":216,"column":38}},"67":{"start":{"line":223,"column":20},"end":{"line":227,"column":9}},"68":{"start":{"line":228,"column":8},"end":{"line":228,"column":35}},"69":{"start":{"line":235,"column":20},"end":{"line":239,"column":9}},"70":{"start":{"line":240,"column":23},"end":{"line":240,"column":39}},"71":{"start":{"line":241,"column":8},"end":{"line":241,"column":31}},"72":{"start":{"line":250,"column":109},"end":{"line":250,"column":113}},"73":{"start":{"line":252,"column":20},"end":{"line":257,"column":9}},"74":{"start":{"line":259,"column":8},"end":{"line":269,"column":9}},"75":{"start":{"line":260,"column":27},"end":{"line":264,"column":14}},"76":{"start":{"line":265,"column":12},"end":{"line":265,"column":34}},"77":{"start":{"line":267,"column":12},"end":{"line":267,"column":65}},"78":{"start":{"line":268,"column":12},"end":{"line":268,"column":24}},"79":{"start":{"line":276,"column":71},"end":{"line":276,"column":78}},"80":{"start":{"line":277,"column":23},"end":{"line":277,"column":41}},"81":{"start":{"line":278,"column":23},"end":{"line":278,"column":25}},"82":{"start":{"line":279,"column":27},"end":{"line":279,"column":29}},"83":{"start":{"line":280,"column":25},"end":{"line":280,"column":26}},"84":{"start":{"line":282,"column":8},"end":{"line":286,"column":9}},"85":{"start":{"line":283,"column":12},"end":{"line":283,"column":58}},"86":{"start":{"line":284,"column":12},"end":{"line":284,"column":32}},"87":{"start":{"line":285,"column":12},"end":{"line":285,"column":25}},"88":{"start":{"line":288,"column":8},"end":{"line":292,"column":9}},"89":{"start":{"line":289,"column":12},"end":{"line":289,"column":57}},"90":{"start":{"line":290,"column":12},"end":{"line":290,"column":32}},"91":{"start":{"line":291,"column":12},"end":{"line":291,"column":25}},"92":{"start":{"line":294,"column":18},"end":{"line":298,"column":9}},"93":{"start":{"line":300,"column":8},"end":{"line":302,"column":9}},"94":{"start":{"line":301,"column":12},"end":{"line":301,"column":56}},"95":{"start":{"line":304,"column":8},"end":{"line":304,"column":92}},"96":{"start":{"line":305,"column":8},"end":{"line":305,"column":35}},"97":{"start":{"line":307,"column":23},"end":{"line":307,"column":47}},"98":{"start":{"line":310,"column":23},"end":{"line":310,"column":67}},"99":{"start":{"line":311,"column":8},"end":{"line":313,"column":9}},"100":{"start":{"line":312,"column":12},"end":{"line":312,"column":61}},"101":{"start":{"line":314,"column":28},"end":{"line":314,"column":47}},"102":{"start":{"line":315,"column":28},"end":{"line":315,"column":62}},"103":{"start":{"line":316,"column":22},"end":{"line":316,"column":57}},"104":{"start":{"line":318,"column":8},"end":{"line":321,"column":10}},"105":{"start":{"line":325,"column":0},"end":{"line":325,"column":27}}},"fnMap":{"0":{"name":"(anonymous_0)","decl":{"start":{"line":10,"column":4},"end":{"line":10,"column":5}},"loc":{"start":{"line":10,"column":30},"end":{"line":25,"column":5}},"line":10},"1":{"name":"(anonymous_1)","decl":{"start":{"line":30,"column":4},"end":{"line":30,"column":5}},"loc":{"start":{"line":30,"column":30},"end":{"line":39,"column":5}},"line":30},"2":{"name":"(anonymous_2)","decl":{"start":{"line":44,"column":4},"end":{"line":44,"column":5}},"loc":{"start":{"line":44,"column":42},"end":{"line":48,"column":5}},"line":44},"3":{"name":"(anonymous_3)","decl":{"start":{"line":53,"column":4},"end":{"line":53,"column":5}},"loc":{"start":{"line":53,"column":36},"end":{"line":57,"column":5}},"line":53},"4":{"name":"(anonymous_4)","decl":{"start":{"line":62,"column":4},"end":{"line":62,"column":5}},"loc":{"start":{"line":62,"column":63},"end":{"line":64,"column":5}},"line":62},"5":{"name":"(anonymous_5)","decl":{"start":{"line":69,"column":4},"end":{"line":69,"column":5}},"loc":{"start":{"line":69,"column":37},"end":{"line":78,"column":5}},"line":69},"6":{"name":"(anonymous_6)","decl":{"start":{"line":83,"column":4},"end":{"line":83,"column":5}},"loc":{"start":{"line":83,"column":27},"end":{"line":91,"column":5}},"line":83},"7":{"name":"(anonymous_7)","decl":{"start":{"line":96,"column":4},"end":{"line":96,"column":5}},"loc":{"start":{"line":96,"column":34},"end":{"line":124,"column":5}},"line":96},"8":{"name":"(anonymous_8)","decl":{"start":{"line":104,"column":51},"end":{"line":104,"column":52}},"loc":{"start":{"line":104,"column":61},"end":{"line":104,"column":87}},"line":104},"9":{"name":"(anonymous_9)","decl":{"start":{"line":129,"column":4},"end":{"line":129,"column":5}},"loc":{"start":{"line":129,"column":49},"end":{"line":142,"column":5}},"line":129},"10":{"name":"(anonymous_10)","decl":{"start":{"line":147,"column":4},"end":{"line":147,"column":5}},"loc":{"start":{"line":147,"column":28},"end":{"line":151,"column":5}},"line":147},"11":{"name":"(anonymous_11)","decl":{"start":{"line":156,"column":4},"end":{"line":156,"column":5}},"loc":{"start":{"line":156,"column":25},"end":{"line":160,"column":5}},"line":156},"12":{"name":"(anonymous_12)","decl":{"start":{"line":165,"column":4},"end":{"line":165,"column":5}},"loc":{"start":{"line":165,"column":31},"end":{"line":168,"column":5}},"line":165},"13":{"name":"(anonymous_13)","decl":{"start":{"line":175,"column":4},"end":{"line":175,"column":5}},"loc":{"start":{"line":175,"column":61},"end":{"line":188,"column":5}},"line":175},"14":{"name":"(anonymous_14)","decl":{"start":{"line":193,"column":4},"end":{"line":193,"column":5}},"loc":{"start":{"line":193,"column":50},"end":{"line":205,"column":5}},"line":193},"15":{"name":"(anonymous_15)","decl":{"start":{"line":210,"column":4},"end":{"line":210,"column":5}},"loc":{"start":{"line":210,"column":42},"end":{"line":217,"column":5}},"line":210},"16":{"name":"(anonymous_16)","decl":{"start":{"line":222,"column":4},"end":{"line":222,"column":5}},"loc":{"start":{"line":222,"column":43},"end":{"line":229,"column":5}},"line":222},"17":{"name":"(anonymous_17)","decl":{"start":{"line":234,"column":4},"end":{"line":234,"column":5}},"loc":{"start":{"line":234,"column":40},"end":{"line":242,"column":5}},"line":234},"18":{"name":"(anonymous_18)","decl":{"start":{"line":249,"column":4},"end":{"line":249,"column":5}},"loc":{"start":{"line":249,"column":35},"end":{"line":270,"column":5}},"line":249},"19":{"name":"(anonymous_19)","decl":{"start":{"line":275,"column":4},"end":{"line":275,"column":5}},"loc":{"start":{"line":275,"column":47},"end":{"line":322,"column":5}},"line":275}},"branchMap":{"0":{"loc":{"start":{"line":11,"column":43},"end":{"line":11,"column":57}},"type":"default-arg","locations":[{"start":{"line":11,"column":50},"end":{"line":11,"column":57}}],"line":11},"1":{"loc":{"start":{"line":11,"column":59},"end":{"line":11,"column":75}},"type":"default-arg","locations":[{"start":{"line":11,"column":71},"end":{"line":11,"column":75}}],"line":11},"2":{"loc":{"start":{"line":38,"column":15},"end":{"line":38,"column":37}},"type":"binary-expr","locations":[{"start":{"line":38,"column":15},"end":{"line":38,"column":29}},{"start":{"line":38,"column":33},"end":{"line":38,"column":37}}],"line":38},"3":{"loc":{"start":{"line":47,"column":15},"end":{"line":47,"column":37}},"type":"binary-expr","locations":[{"start":{"line":47,"column":15},"end":{"line":47,"column":29}},{"start":{"line":47,"column":33},"end":{"line":47,"column":37}}],"line":47},"4":{"loc":{"start":{"line":56,"column":15},"end":{"line":56,"column":37}},"type":"binary-expr","locations":[{"start":{"line":56,"column":15},"end":{"line":56,"column":29}},{"start":{"line":56,"column":33},"end":{"line":56,"column":37}}],"line":56},"5":{"loc":{"start":{"line":105,"column":12},"end":{"line":109,"column":13}},"type":"if","locations":[{"start":{"line":105,"column":12},"end":{"line":109,"column":13}},{"start":{},"end":{}}],"line":105},"6":{"loc":{"start":{"line":112,"column":8},"end":{"line":112,"column":45}},"type":"if","locations":[{"start":{"line":112,"column":8},"end":{"line":112,"column":45}},{"start":{},"end":{}}],"line":112},"7":{"loc":{"start":{"line":123,"column":15},"end":{"line":123,"column":37}},"type":"binary-expr","locations":[{"start":{"line":123,"column":15},"end":{"line":123,"column":29}},{"start":{"line":123,"column":33},"end":{"line":123,"column":37}}],"line":123},"8":{"loc":{"start":{"line":141,"column":15},"end":{"line":141,"column":37}},"type":"binary-expr","locations":[{"start":{"line":141,"column":15},"end":{"line":141,"column":29}},{"start":{"line":141,"column":33},"end":{"line":141,"column":37}}],"line":141},"9":{"loc":{"start":{"line":150,"column":15},"end":{"line":150,"column":37}},"type":"binary-expr","locations":[{"start":{"line":150,"column":15},"end":{"line":150,"column":29}},{"start":{"line":150,"column":33},"end":{"line":150,"column":37}}],"line":150},"10":{"loc":{"start":{"line":204,"column":15},"end":{"line":204,"column":37}},"type":"binary-expr","locations":[{"start":{"line":204,"column":15},"end":{"line":204,"column":29}},{"start":{"line":204,"column":33},"end":{"line":204,"column":37}}],"line":204},"11":{"loc":{"start":{"line":250,"column":32},"end":{"line":250,"column":49}},"type":"default-arg","locations":[{"start":{"line":250,"column":45},"end":{"line":250,"column":49}}],"line":250},"12":{"loc":{"start":{"line":250,"column":51},"end":{"line":250,"column":66}},"type":"default-arg","locations":[{"start":{"line":250,"column":62},"end":{"line":250,"column":66}}],"line":250},"13":{"loc":{"start":{"line":250,"column":68},"end":{"line":250,"column":82}},"type":"default-arg","locations":[{"start":{"line":250,"column":78},"end":{"line":250,"column":82}}],"line":250},"14":{"loc":{"start":{"line":262,"column":16},"end":{"line":262,"column":56}},"type":"cond-expr","locations":[{"start":{"line":262,"column":26},"end":{"line":262,"column":49}},{"start":{"line":262,"column":52},"end":{"line":262,"column":56}}],"line":262},"15":{"loc":{"start":{"line":275,"column":33},"end":{"line":275,"column":45}},"type":"default-arg","locations":[{"start":{"line":275,"column":43},"end":{"line":275,"column":45}}],"line":275},"16":{"loc":{"start":{"line":276,"column":16},"end":{"line":276,"column":24}},"type":"default-arg","locations":[{"start":{"line":276,"column":23},"end":{"line":276,"column":24}}],"line":276},"17":{"loc":{"start":{"line":276,"column":26},"end":{"line":276,"column":36}},"type":"default-arg","locations":[{"start":{"line":276,"co
[...]
:"binary-expr","locations":[{"start":{"line":102,"column":35},"end":{"line":102,"column":68}},{"start":{"line":102,"column":72},"end":{"line":102,"column":73}}],"line":102},"15":{"loc":{"start":{"line":103,"column":31},"end":{"line":103,"column":64}},"type":"binary-expr","locations":[{"start":{"line":103,"column":31},"end":{"line":103,"column":59}},{"start":{"line":103,"column":63},"end":{"line":103,"column":64}}],"line":103},"16":{"loc":{"start":{"line":104,"column":29},"end":{"line":104,"column":60}},"type":"binary-expr","locations":[{"start":{"line":104,"column":29},"end":{"line":104,"column":55}},{"start":{"line":104,"column":59},"end":{"line":104,"column":60}}],"line":104},"17":{"loc":{"start":{"line":105,"column":32},"end":{"line":105,"column":66}},"type":"binary-expr","locations":[{"start":{"line":105,"column":32},"end":{"line":105,"column":61}},{"start":{"line":105,"column":65},"end":{"line":105,"column":66}}],"line":105},"18":{"loc":{"start":{"line":106,"column":28},"end":{"line":106,"column":58}},"type":"binary-expr","locations":[{"start":{"line":106,"column":28},"end":{"line":106,"column":53}},{"start":{"line":106,"column":57},"end":{"line":106,"column":58}}],"line":106},"19":{"loc":{"start":{"line":107,"column":31},"end":{"line":107,"column":65}},"type":"binary-expr","locations":[{"start":{"line":107,"column":31},"end":{"line":107,"column":60}},{"start":{"line":107,"column":64},"end":{"line":107,"column":65}}],"line":107},"20":{"loc":{"start":{"line":108,"column":48},"end":{"line":108,"column":91}},"type":"binary-expr","locations":[{"start":{"line":108,"column":48},"end":{"line":108,"column":86}},{"start":{"line":108,"column":90},"end":{"line":108,"column":91}}],"line":108},"21":{"loc":{"start":{"line":129,"column":8},"end":{"line":135,"column":9}},"type":"if","locations":[{"start":{"line":129,"column":8},"end":{"line":135,"column":9}},{"start":{},"end":{}}],"line":129},"22":{"loc":{"start":{"line":171,"column":8},"end":{"line":177,"column":9}},"type":"if","locations":[{"start":{"line":171,"column":8},"end":{"line":177,"column":9}},{"start":{},"end":{}}],"line":171},"23":{"loc":{"start":{"line":183,"column":8},"end":{"line":189,"column":9}},"type":"if","locations":[{"start":{"line":183,"column":8},"end":{"line":189,"column":9}},{"start":{},"end":{}}],"line":183},"24":{"loc":{"start":{"line":216,"column":12},"end":{"line":222,"column":13}},"type":"if","locations":[{"start":{"line":216,"column":12},"end":{"line":222,"column":13}},{"start":{},"end":{}}],"line":216},"25":{"loc":{"start":{"line":243,"column":8},"end":{"line":249,"column":9}},"type":"if","locations":[{"start":{"line":243,"column":8},"end":{"line":249,"column":9}},{"start":{},"end":{}}],"line":243},"26":{"loc":{"start":{"line":251,"column":16},"end":{"line":251,"column":24}},"type":"default-arg","locations":[{"start":{"line":251,"column":23},"end":{"line":251,"column":24}}],"line":251},"27":{"loc":{"start":{"line":251,"column":26},"end":{"line":251,"column":36}},"type":"default-arg","locations":[{"start":{"line":251,"column":34},"end":{"line":251,"column":36}}],"line":251},"28":{"loc":{"start":{"line":254,"column":28},"end":{"line":254,"column":49}},"type":"binary-expr","locations":[{"start":{"line":254,"column":28},"end":{"line":254,"column":43}},{"start":{"line":254,"column":47},"end":{"line":254,"column":49}}],"line":254},"29":{"loc":{"start":{"line":292,"column":24},"end":{"line":292,"column":60}},"type":"binary-expr","locations":[{"start":{"line":292,"column":24},"end":{"line":292,"column":52}},{"start":{"line":292,"column":56},"end":{"line":292,"column":60}}],"line":292},"30":{"loc":{"start":{"line":327,"column":8},"end":{"line":333,"column":9}},"type":"if","locations":[{"start":{"line":327,"column":8},"end":{"line":333,"column":9}},{"start":{},"end":{}}],"line":327},"31":{"loc":{"start":{"line":352,"column":8},"end":{"line":358,"column":9}},"type":"if","locations":[{"start":{"line":352,"column":8},"end":{"line":358,"column":9}},{"start":{},"end":{}}],"line":352}},"s":{"0":2,"1":2,"2":2,"3":2,"4":2,"5":2,"6":2,"7":2,"8":2,"9":2,"10":2,"11":2,"12":2,"13":0,"14":0,"15":0,"16":0,"17":2,"18":2,"19":4,"20":4,"21":4,"22":4,"23":1,"24":0,"25":0,"26":2,"27":1,"28":1,"29":1,"30":0,"31":0,"32":2,"33":2,"34":2,"35":2,"36":1,"37":1,"38":1,"39":0,"40":0,"41":2,"42":0,"43":0,"44":0,"45":0,"46":0,"47":0,"48":0,"49":0,"50":0,"51":0,"52":0,"53":0,"54":0,"55":0,"56":0,"57":0,"58":0,"59":0,"60":0,"61":0,"62":0,"63":0,"64":0,"65":0,"66":0,"67":0,"68":2,"69":0,"70":0,"71":0,"72":0,"73":0,"74":0,"75":0,"76":0,"77":0,"78":2,"79":0,"80":0,"81":0,"82":0,"83":0,"84":0,"85":0,"86":0,"87":0,"88":0,"89":0,"90":0,"91":0,"92":0,"93":0,"94":2,"95":0,"96":0,"97":0,"98":0,"99":0,"100":0,"101":0,"102":0,"103":0,"104":0,"105":0,"106":0,"107":0,"108":0,"109":0,"110":0,"111":2},"f":{"0":0,"1":0,"2":4,"3":1,"4":1,"5":2,"6":0,"7":0,"8":0,"9":0,"10":0,"11":0},"b":{"0":[2,2],"1":[4],"2":[4],"3":[4,0],"4":[1,0],"5":[1,0],"6":[1,0],"7":[1,0],"8":[1,0],"9":[1,0],"10":[1,0],"11":[1,0],"12":[1,0],"13":[1,0],"14":[1,0],"15":[1,0],"16":[1,0],"17":[1,0],"18":[1,0],"19":[1,0],"20":[1,0],"21":[1,1],"22":[0,0],"23":[0,0],"24":[0,0],"25":[0,0],"26":[0],"27":[0],"28":[0,0],"29":[0,0],"30":[0,0],"31":[0,0]},"_coverageSchema":"1a1c01bbd47fc00a2c39e90264f33305004495a9","hash":"f90b6497c6621a9d611cbf940af69ef879eef647"}
,"/Users/adam/Documents/cdn/services/api/src/routes/tokens.js": {"path":"/Users/adam/Documents/cdn/services/api/src/routes/tokens.js","statementMap":{"0":{"start":{"line":1,"column":16},"end":{"line":1,"column":34}},"1":{"start":{"line":2,"column":49},"end":{"line":2,"column":77}},"2":{"start":{"line":4,"column":14},"end":{"line":4,"column":40}},"3":{"start":{"line":5,"column":13},"end":{"line":5,"column":38}},"4":{"start":{"line":6,"column":18},"end":{"line":6,"column":48}},"5":{"start":{"line":7,"column":29},"end":{"line":7,"column":63}},"6":{"start":{"line":8,"column":15},"end":{"line":8,"column":41}},"7":{"start":{"line":10,"column":15},"end":{"line":10,"column":31}},"8":{"start":{"line":16,"column":19},"end":{"line":16,"column":40}},"9":{"start":{"line":17,"column":4},"end":{"line":24,"column":5}},"10":{"start":{"line":18,"column":8},"end":{"line":23,"column":11}},"11":{"start":{"line":25,"column":4},"end":{"line":25,"column":11}},"12":{"start":{"line":31,"column":0},"end":{"line":71,"column":3}},"13":{"start":{"line":37,"column":4},"end":{"line":70,"column":5}},"14":{"start":{"line":38,"column":73},"end":{"line":38,"column":82}},"15":{"start":{"line":40,"column":23},"end":{"line":45,"column":10}},"16":{"start":{"line":47,"column":8},"end":{"line":62,"column":11}},"17":{"start":{"line":49,"column":46},"end":{"line":60,"column":13}},"18":{"start":{"line":64,"column":8},"end":{"line":64,"column":53}},"19":{"start":{"line":65,"column":8},"end":{"line":69,"column":11}},"20":{"start":{"line":76,"column":0},"end":{"line":120,"column":3}},"21":{"start":{"line":79,"column":4},"end":{"line":119,"column":5}},"22":{"start":{"line":80,"column":22},"end":{"line":80,"column":57}},"23":{"start":{"line":82,"column":8},"end":{"line":88,"column":9}},"24":{"start":{"line":83,"column":12},"end":{"line":87,"column":15}},"25":{"start":{"line":90,"column":8},"end":{"line":111,"column":11}},"26":{"start":{"line":113,"column":8},"end":{"line":113,"column":52}},"27":{"start":{"line":114,"column":8},"end":{"line":118,"column":11}},"28":{"start":{"line":125,"column":0},"end":{"line":192,"column":3}},"29":{"start":{"line":130,"column":22},"end":{"line":130,"column":32}},"30":{"start":{"line":132,"column":4},"end":{"line":191,"column":5}},"31":{"start":{"line":133,"column":57},"end":{"line":133,"column":65}},"32":{"start":{"line":136,"column":21},"end":{"line":136,"column":48}},"33":{"start":{"line":137,"column":8},"end":{"line":143,"column":9}},"34":{"start":{"line":138,"column":12},"end":{"line":142,"column":15}},"35":{"start":{"line":146,"column":22},"end":{"line":151,"column":10}},"36":{"start":{"line":154,"column":8},"end":{"line":162,"column":11}},"37":{"start":{"line":164,"column":8},"end":{"line":168,"column":11}},"38":{"start":{"line":170,"column":8},"end":{"line":183,"column":11}},"39":{"start":{"line":185,"column":8},"end":{"line":185,"column":53}},"40":{"start":{"line":186,"column":8},"end":{"line":190,"column":11}},"41":{"start":{"line":197,"column":0},"end":{"line":243,"column":3}},"42":{"start":{"line":200,"column":4},"end":{"line":242,"column":5}},"43":{"start":{"line":201,"column":22},"end":{"line":201,"column":57}},"44":{"start":{"line":203,"column":8},"end":{"line":209,"column":9}},"45":{"start":{"line":204,"column":12},"end":{"line":208,"column":15}},"46":{"start":{"line":211,"column":8},"end":{"line":217,"column":9}},"47":{"start":{"line":212,"column":12},"end":{"line":216,"column":15}},"48":{"start":{"line":219,"column":8},"end":{"line":219,"column":42}},"49":{"start":{"line":221,"column":8},"end":{"line":224,"column":11}},"50":{"start":{"line":226,"column":8},"end":{"line":234,"column":11}},"51":{"start":{"line":236,"column":8},"end":{"line":236,"column":53}},"52":{"start":{"line":237,"column":8},"end":{"line":241,"column":11}},"53":{"start":{"line":248,"column":0},"end":{"line":286,"column":3}},"54":{"start":{"line":251,"column":4},"end":{"line":285,"column":5}},"55":{"start":{"line":252,"column":39},"end":{"line":252,"column":47}},"56":{"start":{"line":254,"column":27},"end":{"line":254,"column":60}},"57":{"start":{"line":256,"column":8},"end":{"line":263,"column":9}},"58":{"start":{"line":257,"column":12},"end":{"line":262,"column":15}},"59":{"start":{"line":265,"column":22},"end":{"line":265,"column":38}},"60":{"start":{"line":267,"column":8},"end":{"line":277,"column":11}},"61":{"start":{"line":279,"column":8},"end":{"line":279,"column":55}},"62":{"start":{"line":280,"column":8},"end":{"line":284,"column":11}},"63":{"start":{"line":288,"column":0},"end":{"line":288,"column":24}}},"fnMap":{"0":{"name":"handleValidationErrors","decl":{"start":{"line":15,"column":9},"end":{"line":15,"column":31}},"loc":{"start":{"line":15,"column":48},"end":{"line":26,"column":1}},"line":15},"1":{"name":"(anonymous_1)","decl":{"start":{"line":36,"column":27},"end":{"line":36,"column":28}},"loc":{"start":{"line":36,"column":47},"end":{"line":71,"column":1}},"line":36},"2":{"name":"(anonymous_2)","decl":{"start":{"line":49,"column":36},"end":{"line":49,"column":37}},"loc":{"start":{"line":49,"column":46},"end":{"line":60,"column":13}},"line":49},"3":{"name":"(anonymous_3)","decl":{"start":{"line":78,"column":27},"end":{"line":78,"column":28}},"loc":{"start":{"line":78,"column":47},"end":{"line":120,"column":1}},"line":78},"4":{"name":"(anonymous_4)","decl":{"start":{"line":129,"column":27},"end":{"line":129,"column":28}},"loc":{"start":{"line":129,"column":47},"end":{"line":192,"column":1}},"line":129},"5":{"name":"(anonymous_5)","decl":{"start":{"line":199,"column":27},"end":{"line":199,"column":28}},"loc":{"start":{"line":199,"column":47},"end":{"line":243,"column":1}},"line":199},"6":{"name":"(anonymous_6)","decl":{"start":{"line":250,"column":27},"end":{"line":250,"column":28}},"loc":{"start":{"line":250,"column":47},"end":{"line":286,"column":1}},"line":250}},"branchMap":{"0":{"loc":{"start":{"line":17,"column":4},"end":{"line":24,"column":5}},"type":"if","locations":[{"start":{"line":17,"column":4},"end":{"line":24,"column":5}},{"start":{},"end":{}}],"line":17},"1":{"loc":{"start":{"line":38,"column":16},"end":{"line":38,"column":24}},"type":"default-arg","locations":[{"start":{"line":38,"column":23},"end":{"line":38,"column":24}}],"line":38},"2":{"loc":{"start":{"line":38,"column":26},"end":{"line":38,"column":36}},"type":"default-arg","locations":[{"start":{"line":38,"column":34},"end":{"line":38,"column":36}}],"line":38},"3":{"loc":{"start":{"line":38,"column":38},"end":{"line":38,"column":60}},"type":"default-arg","locations":[{"start":{"line":38,"column":55},"end":{"line":38,"column":60}}],"line":38},"4":{"loc":{"start":{"line":42,"column":28},"end":{"line":42,"column":49}},"type":"binary-expr","locations":[{"start":{"line":42,"column":28},"end":{"line":42,"column":43}},{"start":{"line":42,"column":47},"end":{"line":42,"column":49}}],"line":42},"5":{"loc":{"start":{"line":82,"column":8},"end":{"line":88,"column":9}},"type":"if","locations":[{"start":{"line":82,"column":8},"end":{"line":88,"column":9}},{"start":{},"end":{}}],"line":82},"6":{"loc":{"start":{"line":105,"column":25},"end":{"line":107,"column":67}},"type":"binary-expr","locations":[{"start":{"line":105,"column":25},"end":{"line":105,"column":42}},{"start":{"line":106,"column":25},"end":{"line":106,"column":64}},{"start":{"line":107,"column":25},"end":{"line":107,"column":67}}],"line":105},"7":{"loc":{"start":{"line":137,"column":8},"end":{"line":143,"column":9}},"type":"if","locations":[{"start":{"line":137,"column":8},"end":{"line":143,"column":9}},{"start":{},"end":{}}],"line":137},"8":{"loc":{"start":{"line":148,"column":28},"end":{"line":148,"column":92}},"type":"binary-expr","locations":[{"start":{"line":148,"column":28},"end":{"line":148,"column":42}},{"start":{"line":148,"column":46},"end":{"line":148,"column":86}},{"start":{"line":148,"column":90},"end":{"line":148,"column":92}}],"line":148},"9":{"loc":{"start":{"line":149,"column":26},"end":{"line":149,"column":43}},"type":"binary-expr","locations":[{"start":{"line":149,"column":26},"end":{"line":149,"column":38}},{"start":{"line":149,"column":42},"end":{"line":149,"column":43}}],"line":149},"10":{"loc":{"start":{"line":150,"column":23},"end":{"line":150,"column":58}},"type":"binary-expr","locations":[{"start":{"line":150,"column":23},"end":{"line":150,"column":50}},{"start":{"line":150,"column":54},"end":{"line":150,"column":58}}],"line":150},"11":{"loc":{"start":{"line":203,"column":8},"end":{"line":209,"column":9}},"type":"if","locations":[{"start":{"line":203,"column":8},"end":{"line":209,"column":9}},{"start":{},"end":{}}],"line":203},"12":{"loc":{"start":{"line":211,"column":8},"end":{"line":217,"column":9}},"type":"if","locations":[{"start":{"line":211,"column":8},"end":{"line":217,"column":9}},{"start":{},"end":{}}],"line":211},"13":{"loc":{"start":{"line":256,"column":8},"end":{"line":263,"column":9}},"type":"if","locations":[{"start":{"line":256,"column":8},"end":{"line":263,"column":9}},{"start":{},"end":{}}],"line":256}},"s":{"0":2,"1":2,"2":2,"3":2,"4":2,"5":2,"6":2,"7":2,"8":4,"9":4,"10":1,"11":3,"12":2,"13":1,"14":1,"15":1,"16":1,"17":0,"18":0,"19":0,"20":2,"21":0,"22":0,"23":0,"24":0,"25":0,"26":0,"27":0,"28":2,"29":2,"30":2,"31":2,"32":2,"33":2,"34":1,"35":1,"36":1,"37":1,"38":1,"39":0,"40":0,"41":2,"42":0,"43":0,"44":0,"45":0,"46":0,"47":0,"48":0,"49":0,"50":0,"51":0,"52":0,"53":2,"54":0,"55":0,"56":0,"57":0,"58":0,"59":0,"60":0,"61":0,"62":0,"63":2},"f":{"0":4,"1":1,"2":0,"3":0,"4":2,"5":0,"6":0},"b":{"0":[1,3],"1":[1],"2":[1],"3":[1],"4":[1,0],"5":[0,0],"6":[0,0,0],"7":[1,1],"8":[1,1,1],"9":[1,1],"10":[1,1],"11":[0,0],"12":[0,0],"13":[0,0]},"_coverageSchema":"1a1c01bbd47fc00a2c39e90264f33305004495a9","hash":"6347e78faa67d85f7df45bc0486b261640fc11d1"}
,"/Users/adam/Documents/cdn/services/api/src/services/cleanup.js": {"path":"/Users/adam/Documents/cdn/services/api/src/services/cleanup.js","statementMap":{"0":{"start":{"line":1,"column":14},"end":{"line":1,"column":40}},"1":{"start":{"line":2,"column":15},"end":{"line":2,"column":41}},"2":{"start":{"line":9,"column":4},"end":{"line":18,"column":5}},"3":{"start":{"line":10,"column":29},"end":{"line":10,"column":56}},"4":{"start":{"line":11,"column":8},"end":{"line":13,"column":9}},"5":{"start":{"line":12,"column":12},"end":{"line":12,"column":69}},"6":{"start":{"line":14,"column":8},"end":{"line":14,"column":28}},"7":{"start":{"line":16,"column":8},"end":{"line":16,"column":65}},"8":{"start":{"line":17,"column":8},"end":{"line":17,"column":20}},"9":{"start":{"line":26,"column":4},"end":{"line":26,"column":75}},"10":{"start":{"line":29,"column":4},"end":{"line":31,"column":7}},"11":{"start":{"line":30,"column":8},"end":{"line":30,"column":53}},"12":{"start":{"line":34,"column":23},"end":{"line":40,"column":18}},"13":{"start":{"line":35,"column":8},"end":{"line":39,"column":9}},"14":{"start":{"line":36,"column":12},"end":{"line":36,"column":41}},"15":{"start":{"line":38,"column":12},"end":{"line":38,"column":61}},"16":{"start":{"line":42,"column":4},"end":{"line":42,"column":22}},"17":{"start":{"line":45,"column":0},"end":{"line":48,"column":2}}},"fnMap":{"0":{"name":"cleanupExpiredTokens","decl":{"start":{"line":8,"column":15},"end":{"line":8,"column":35}},"loc":{"start":{"line":8,"column":38},"end":{"line":19,"column":1}},"line":8},"1":{"name":"startCleanupService","decl":{"start":{"line":25,"column":9},"end":{"line":25,"column":28}},"loc":{"start":{"line":25,"column":51},"end":{"line":43,"column":1}},"line":25},"2":{"name":"(anonymous_2)","decl":{"start":{"line":29,"column":33},"end":{"line":29,"column":34}},"loc":{"start":{"line":29,"column":40},"end":{"line":31,"column":5}},"line":29},"3":{"name":"(anonymous_3)","decl":{"start":{"line":34,"column":35},"end":{"line":34,"column":36}},"loc":{"start":{"line":34,"column":47},"end":{"line":40,"column":5}},"line":34}},"branchMap":{"0":{"loc":{"start":{"line":11,"column":8},"end":{"line":13,"column":9}},"type":"if","locations":[{"start":{"line":11,"column":8},"end":{"line":13,"column":9}},{"start":{},"end":{}}],"line":11},"1":{"loc":{"start":{"line":25,"column":29},"end":{"line":25,"column":49}},"type":"default-arg","locations":[{"start":{"line":25,"column":42},"end":{"line":25,"column":49}}],"line":25}},"s":{"0":2,"1":2,"2":2,"3":2,"4":0,"5":0,"6":0,"7":2,"8":2,"9":0,"10":0,"11":0,"12":0,"13":0,"14":0,"15":0,"16":0,"17":2},"f":{"0":2,"1":0,"2":0,"3":0},"b":{"0":[0,0],"1":[0]},"_coverageSchema":"1a1c01bbd47fc00a2c39e90264f33305004495a9","hash":"29932d76caa058e1eff8a974b01e8a913e08b5f7"}
,"/Users/adam/Documents/cdn/services/api/src/utils/logger.js": {"path":"/Users/adam/Documents/cdn/services/api/src/utils/logger.js","statementMap":{"0":{"start":{"line":1,"column":16},"end":{"line":1,"column":34}},"1":{"start":{"line":3,"column":18},"end":{"line":13,"column":1}},"2":{"start":{"line":7,"column":18},"end":{"line":7,"column":69}},"3":{"start":{"line":8,"column":8},"end":{"line":10,"column":9}},"4":{"start":{"line":9,"column":12},"end":{"line":9,"column":50}},"5":{"start":{"line":11,"column":8},"end":{"line":11,"column":19}},"6":{"start":{"line":15,"column":15},"end":{"line":47,"column":2}},"7":{"start":{"line":50,"column":11},"end":{"line":50,"column":24}},"8":{"start":{"line":51,"column":13},"end":{"line":51,"column":28}},"9":{"start":{"line":52,"column":16},"end":{"line":52,"column":50}},"10":{"start":{"line":53,"column":0},"end":{"line":55,"column":1}},"11":{"start":{"line":54,"column":4},"end":{"line":54,"column":47}},"12":{"start":{"line":57,"column":0},"end":{"line":57,"column":24}}},"fnMap":{"0":{"name":"(anonymous_0)","decl":{"start":{"line":6,"column":26},"end":{"line":6,"column":27}},"loc":{"start":{"line":6,"column":74},"end":{"line":12,"column":5}},"line":6}},"branchMap":{"0":{"loc":{"start":{"line":8,"column":8},"end":{"line":10,"column":9}},"type":"if","locations":[{"start":{"line":8,"column":8},"end":{"line":10,"column":9}},{"start":{},"end":{}}],"line":8},"1":{"loc":{"start":{"line":16,"column":11},"end":{"line":16,"column":42}},"type":"binary-expr","locations":[{"start":{"line":16,"column":11},"end":{"line":16,"column":32}},{"start":{"line":16,"column":36},"end":{"line":16,"column":42}}],"line":16},"2":{"loc":{"start":{"line":53,"column":0},"end":{"line":55,"column":1}},"type":"if","locations":[{"start":{"line":53,"column":0},"end":{"line":55,"column":1}},{"start":{},"end":{}}],"line":53}},"s":{"0":2,"1":2,"2":90,"3":90,"4":90,"5":90,"6":2,"7":2,"8":2,"9":2,"10":2,"11":0,"12":2},"f":{"0":90},"b":{"0":[90,0],"1":[2,2],"2":[0,2]},"_coverageSchema":"1a1c01bbd47fc00a2c39e90264f33305004495a9","hash":"790576834e8a1faec7e756d54005625f46e3366d"}
}
