TN:
SF:src/config/database.js
FN:16,(anonymous_0)
FN:20,(anonymous_1)
FN:27,connectDB
FN:43,query
FN:65,getClient
FN:71,(anonymous_5)
FN:85,(anonymous_6)
FNF:7
FNH:0
FNDA:0,(anonymous_0)
FNDA:0,(anonymous_1)
FNDA:0,connectDB
FNDA:0,query
FNDA:0,getClient
FNDA:0,(anonymous_5)
FNDA:0,(anonymous_6)
DA:1,0
DA:2,0
DA:4,0
DA:16,0
DA:17,0
DA:20,0
DA:21,0
DA:28,0
DA:29,0
DA:30,0
DA:31,0
DA:32,0
DA:33,0
DA:35,0
DA:36,0
DA:44,0
DA:45,0
DA:46,0
DA:47,0
DA:48,0
DA:52,0
DA:54,0
DA:58,0
DA:66,0
DA:67,0
DA:68,0
DA:71,0
DA:72,0
DA:73,0
DA:74,0
DA:75,0
DA:76,0
DA:77,0
DA:79,0
DA:80,0
DA:85,0
DA:86,0
DA:87,0
DA:88,0
DA:91,0
DA:94,0
LF:41
LH:0
BRDA:5,0,0,0
BRDA:5,0,1,0
BRDA:6,1,0,0
BRDA:6,1,1,0
BRDA:7,2,0,0
BRDA:7,2,1,0
BRDA:8,3,0,0
BRDA:8,3,1,0
BRDA:9,4,0,0
BRDA:9,4,1,0
BRF:10
BRH:0
end_of_record
TN:
SF:src/middleware/adminAuth.js
FN:11,generateAccessToken
FN:27,verifyToken
FN:38,adminAuth
FN:85,superadminOnly
FN:99,optionalAdminAuth
FNF:5
FNH:2
FNDA:0,generateAccessToken
FNDA:10,verifyToken
FNDA:11,adminAuth
FNDA:0,superadminOnly
FNDA:0,optionalAdminAuth
DA:1,2
DA:2,2
DA:3,2
DA:5,2
DA:6,2
DA:12,0
DA:28,10
DA:29,10
DA:31,1
DA:39,11
DA:41,11
DA:42,1
DA:49,10
DA:50,10
DA:52,10
DA:53,1
DA:61,9
DA:63,9
DA:64,0
DA:72,9
DA:79,9
DA:86,0
DA:87,0
DA:93,0
DA:100,0
DA:102,0
DA:103,0
DA:104,0
DA:107,0
DA:108,0
DA:110,0
DA:111,0
DA:112,0
DA:113,0
DA:122,0
DA:125,2
LF:36
LH:20
BRDA:5,0,0,2
BRDA:5,0,1,1
BRDA:6,1,0,2
BRDA:6,1,1,2
BRDA:41,2,0,1
BRDA:41,2,1,10
BRDA:41,3,0,11
BRDA:41,3,1,10
BRDA:52,4,0,1
BRDA:52,4,1,9
BRDA:63,5,0,0
BRDA:63,5,1,9
BRDA:63,6,0,9
BRDA:63,6,1,9
BRDA:86,7,0,0
BRDA:86,7,1,0
BRDA:102,8,0,0
BRDA:102,8,1,0
BRDA:102,9,0,0
BRDA:102,9,1,0
BRDA:110,10,0,0
BRDA:110,10,1,0
BRDA:112,11,0,0
BRDA:112,11,1,0
BRDA:112,12,0,0
BRDA:112,12,1,0
BRF:26
BRH:13
end_of_record
TN:
SF:src/middleware/auth.js
FN:7,apiKeyAuth
FN:73,secureCompare
FN:96,optionalAuth
FNF:3
FNH:2
FNDA:13,apiKeyAuth
FNDA:18,secureCompare
FNDA:0,optionalAuth
DA:1,2
DA:8,13
DA:9,13
DA:11,13
DA:14,13
DA:15,11
DA:16,11
DA:17,11
DA:22,13
DA:23,1
DA:27,13
DA:28,1
DA:32,1
DA:40,12
DA:42,12
DA:43,0
DA:44,0
DA:52,12
DA:53,1
DA:58,1
DA:66,11
DA:67,11
DA:74,18
DA:75,3
DA:78,15
DA:81,15
DA:82,15
DA:84,15
DA:86,2
DA:87,2
DA:90,13
DA:97,0
DA:98,0
DA:100,0
DA:101,0
DA:102,0
DA:105,0
DA:108,2
LF:38
LH:30
BRDA:14,0,0,11
BRDA:14,0,1,2
BRDA:16,1,0,11
BRDA:16,1,1,0
BRDA:16,2,0,11
BRDA:16,2,1,11
BRDA:22,3,0,1
BRDA:22,3,1,12
BRDA:22,4,0,13
BRDA:22,4,1,2
BRDA:27,5,0,1
BRDA:27,5,1,12
BRDA:42,6,0,0
BRDA:42,6,1,12
BRDA:52,7,0,1
BRDA:52,7,1,11
BRDA:74,8,0,3
BRDA:74,8,1,15
BRDA:74,9,0,18
BRDA:74,9,1,16
BRDA:84,10,0,2
BRDA:84,10,1,13
BRDA:100,11,0,0
BRDA:100,11,1,0
BRDA:100,12,0,0
BRDA:100,12,1,0
BRF:26
BRH:20
end_of_record
TN:
SF:src/middleware/cache.js
FN:9,(anonymous_0)
FN:19,(anonymous_1)
FN:27,(anonymous_2)
FN:52,(anonymous_3)
FN:68,(anonymous_4)
FN:81,(anonymous_5)
FN:99,(anonymous_6)
FN:109,(anonymous_7)
FN:124,(anonymous_8)
FN:149,cacheMiddleware
FN:150,(anonymous_10)
FN:172,(anonymous_11)
FN:188,invalidateCache
FN:193,(anonymous_13)
FNF:14
FNH:3
FNDA:2,(anonymous_0)
FNDA:0,(anonymous_1)
FNDA:0,(anonymous_2)
FNDA:0,(anonymous_3)
FNDA:0,(anonymous_4)
FNDA:0,(anonymous_5)
FNDA:0,(anonymous_6)
FNDA:3,(anonymous_7)
FNDA:0,(anonymous_8)
FNDA:2,cacheMiddleware
FNDA:0,(anonymous_10)
FNDA:0,(anonymous_11)
FNDA:0,invalidateCache
FNDA:0,(anonymous_13)
DA:6,2
DA:10,2
DA:11,2
DA:19,2
DA:28,0
DA:30,0
DA:31,0
DA:32,0
DA:36,0
DA:37,0
DA:38,0
DA:39,0
DA:42,0
DA:43,0
DA:53,0
DA:59,0
DA:60,0
DA:69,0
DA:70,0
DA:71,0
DA:72,0
DA:74,0
DA:82,0
DA:83,0
DA:85,0
DA:86,0
DA:87,0
DA:88,0
DA:92,0
DA:93,0
DA:100,0
DA:101,0
DA:102,0
DA:103,0
DA:110,3
DA:114,3
DA:125,0
DA:126,0
DA:128,0
DA:129,0
DA:130,0
DA:131,0
DA:135,0
DA:136,0
DA:142,2
DA:150,2
DA:152,0
DA:153,0
DA:157,0
DA:162,0
DA:163,0
DA:164,0
DA:165,0
DA:169,0
DA:172,0
DA:174,0
DA:175,0
DA:177,0
DA:178,0
DA:181,0
DA:189,0
DA:190,0
DA:193,0
DA:194,0
DA:198,2
LF:65
LH:9
BRDA:30,0,0,0
BRDA:30,0,1,0
BRDA:36,1,0,0
BRDA:36,1,1,0
BRDA:36,2,0,0
BRDA:36,2,1,0
BRDA:52,3,0,0
BRDA:55,4,0,0
BRDA:55,4,1,0
BRDA:70,5,0,0
BRDA:70,5,1,0
BRDA:86,6,0,0
BRDA:86,6,1,0
BRDA:110,7,0,0
BRDA:110,7,1,3
BRDA:129,8,0,0
BRDA:129,8,1,0
BRDA:129,9,0,0
BRDA:129,9,1,0
BRDA:135,10,0,0
BRDA:135,10,1,0
BRDA:149,11,0,0
BRDA:149,12,0,2
BRDA:152,13,0,0
BRDA:152,13,1,0
BRDA:157,14,0,0
BRDA:157,14,1,0
BRDA:163,15,0,0
BRDA:163,15,1,0
BRDA:174,16,0,0
BRDA:174,16,1,0
BRDA:174,17,0,0
BRDA:174,17,1,0
BRDA:189,18,0,0
BRDA:189,18,1,0
BRF:35
BRH:2
end_of_record
TN:
SF:src/middleware/rateLimit.js
FN:18,(anonymous_0)
FN:27,(anonymous_1)
FN:46,(anonymous_2)
FN:68,(anonymous_3)
FNF:4
FNH:2
FNDA:0,(anonymous_0)
FNDA:33,(anonymous_1)
FNDA:0,(anonymous_2)
FNDA:2,(anonymous_3)
DA:1,2
DA:2,2
DA:7,2
DA:19,0
DA:25,0
DA:29,33
DA:36,2
DA:47,0
DA:51,0
DA:58,2
DA:69,2
DA:76,2
DA:88,2
LF:13
LH:9
BRDA:8,0,0,2
BRDA:8,0,1,2
BRDA:9,1,0,2
BRDA:9,1,1,2
BRDA:29,2,0,33
BRDA:29,2,1,33
BRDA:69,3,0,2
BRDA:69,3,1,2
BRF:8
BRH:8
end_of_record
TN:
SF:src/middleware/validation.js
FN:56,getAllowedExtensions
FN:59,(anonymous_1)
FN:74,validateFileName
FN:120,validateMimeType
FN:138,validateFileSize
FN:159,validateUpload
FN:220,sanitizeFileName
FNF:7
FNH:3
FNDA:3,getAllowedExtensions
FNDA:0,(anonymous_1)
FNDA:7,validateFileName
FNDA:0,validateMimeType
FNDA:0,validateFileSize
FNDA:0,validateUpload
FNDA:3,sanitizeFileName
DA:1,2
DA:2,2
DA:7,2
DA:46,2
DA:57,3
DA:58,3
DA:59,0
DA:61,3
DA:75,7
DA:76,0
DA:80,7
DA:81,2
DA:85,5
DA:86,0
DA:90,5
DA:91,0
DA:95,5
DA:96,0
DA:100,5
DA:102,5
DA:103,2
DA:106,3
DA:107,3
DA:108,0
DA:114,3
DA:121,0
DA:122,0
DA:125,0
DA:126,0
DA:132,0
DA:139,0
DA:141,0
DA:142,0
DA:145,0
DA:146,0
DA:147,0
DA:153,0
DA:160,0
DA:161,0
DA:168,0
DA:171,0
DA:172,0
DA:173,0
DA:177,0
DA:185,0
DA:186,0
DA:187,0
DA:192,0
DA:200,0
DA:201,0
DA:202,0
DA:207,0
DA:214,0
DA:222,3
DA:225,3
DA:228,3
DA:231,3
DA:234,3
DA:235,0
DA:236,0
DA:237,0
DA:240,3
DA:243,2
LF:63
LH:26
BRDA:58,0,0,0
BRDA:58,0,1,3
BRDA:75,1,0,0
BRDA:75,1,1,7
BRDA:75,2,0,7
BRDA:75,2,1,7
BRDA:80,3,0,2
BRDA:80,3,1,5
BRDA:80,4,0,7
BRDA:80,4,1,5
BRDA:80,4,2,5
BRDA:85,5,0,0
BRDA:85,5,1,5
BRDA:90,6,0,0
BRDA:90,6,1,5
BRDA:95,7,0,0
BRDA:95,7,1,5
BRDA:102,8,0,2
BRDA:102,8,1,3
BRDA:107,9,0,0
BRDA:107,9,1,3
BRDA:121,10,0,0
BRDA:121,10,1,0
BRDA:121,11,0,0
BRDA:121,11,1,0
BRDA:125,12,0,0
BRDA:125,12,1,0
BRDA:139,13,0,0
BRDA:139,13,1,0
BRDA:141,14,0,0
BRDA:141,14,1,0
BRDA:141,15,0,0
BRDA:141,15,1,0
BRDA:145,16,0,0
BRDA:145,16,1,0
BRDA:160,17,0,0
BRDA:160,17,1,0
BRDA:172,18,0,0
BRDA:172,18,1,0
BRDA:186,19,0,0
BRDA:186,19,1,0
BRDA:201,20,0,0
BRDA:201,20,1,0
BRDA:234,21,0,0
BRDA:234,21,1,3
BRDA:240,22,0,3
BRDA:240,22,1,0
BRF:47
BRH:17
end_of_record
TN:
SF:src/models/AccessLog.js
FN:8,(anonymous_0)
FN:53,(anonymous_1)
FN:63,(anonymous_2)
FN:73,(anonymous_3)
FN:83,(anonymous_4)
FN:93,(anonymous_5)
FN:126,(anonymous_6)
FN:210,(anonymous_7)
FN:248,(anonymous_8)
FN:270,(anonymous_9)
FN:290,(anonymous_10)
FN:304,(anonymous_11)
FN:327,(anonymous_12)
FNF:13
FNH:5
FNDA:3,(anonymous_0)
FNDA:2,(anonymous_1)
FNDA:0,(anonymous_2)
FNDA:1,(anonymous_3)
FNDA:0,(anonymous_4)
FNDA:0,(anonymous_5)
FNDA:2,(anonymous_6)
FNDA:1,(anonymous_7)
FNDA:0,(anonymous_8)
FNDA:0,(anonymous_9)
FNDA:0,(anonymous_10)
FNDA:0,(anonymous_11)
FNDA:0,(anonymous_12)
DA:1,2
DA:2,2
DA:20,3
DA:22,3
DA:29,3
DA:30,3
DA:42,3
DA:45,1
DA:46,1
DA:54,2
DA:64,0
DA:74,1
DA:84,0
DA:94,0
DA:95,0
DA:97,0
DA:104,0
DA:106,0
DA:110,0
DA:112,0
DA:135,2
DA:137,2
DA:138,2
DA:139,2
DA:140,2
DA:142,2
DA:143,0
DA:144,0
DA:145,0
DA:148,2
DA:149,0
DA:150,0
DA:151,0
DA:154,2
DA:155,0
DA:156,0
DA:157,0
DA:160,2
DA:161,0
DA:162,0
DA:163,0
DA:166,2
DA:167,0
DA:168,0
DA:169,0
DA:172,2
DA:178,2
DA:179,0
DA:182,2
DA:183,2
DA:185,2
DA:188,2
DA:189,2
DA:190,0
DA:192,2
DA:193,2
DA:194,2
DA:196,2
DA:211,1
DA:213,1
DA:214,1
DA:216,1
DA:217,0
DA:218,0
DA:219,0
DA:220,0
DA:221,0
DA:223,1
DA:224,0
DA:225,0
DA:228,1
DA:241,1
DA:242,1
DA:249,0
DA:263,0
DA:264,0
DA:271,0
DA:272,0
DA:274,0
DA:283,0
DA:284,0
DA:291,0
DA:297,0
DA:298,0
DA:305,0
DA:325,0
DA:326,0
DA:327,0
DA:335,0
DA:336,0
DA:341,2
LF:91
LH:41
BRDA:10,0,0,1
BRDA:11,1,0,1
BRDA:14,2,0,3
BRDA:15,3,0,3
BRDA:17,4,0,0
BRDA:18,5,0,1
BRDA:19,6,0,2
BRDA:40,7,0,1
BRDA:40,7,1,2
BRDA:93,8,0,0
BRDA:94,9,0,0
BRDA:94,10,0,0
BRDA:126,11,0,0
BRDA:128,12,0,0
BRDA:129,13,0,0
BRDA:130,14,0,2
BRDA:131,15,0,0
BRDA:132,16,0,2
BRDA:133,17,0,2
BRDA:134,18,0,2
BRDA:142,19,0,0
BRDA:142,19,1,2
BRDA:148,20,0,0
BRDA:148,20,1,2
BRDA:154,21,0,0
BRDA:154,21,1,2
BRDA:160,22,0,0
BRDA:160,22,1,2
BRDA:166,23,0,0
BRDA:166,23,1,2
BRDA:178,24,0,0
BRDA:178,24,1,2
BRDA:189,25,0,0
BRDA:189,25,1,2
BRDA:210,26,0,1
BRDA:211,27,0,1
BRDA:211,28,0,1
BRDA:216,29,0,0
BRDA:216,29,1,1
BRDA:219,30,0,0
BRDA:219,30,1,0
BRDA:223,31,0,0
BRDA:223,31,1,1
BRDA:248,32,0,0
BRDA:270,33,0,0
BRDA:271,34,0,0
BRDA:271,35,0,0
BRDA:290,36,0,0
BRDA:304,37,0,0
BRDA:329,38,0,0
BRDA:329,38,1,0
BRDA:330,39,0,0
BRDA:330,39,1,0
BRDA:331,40,0,0
BRDA:331,40,1,0
BRDA:332,41,0,0
BRDA:332,41,1,0
BRF:57
BRH:24
end_of_record
TN:
SF:src/models/AdminUser.js
FN:10,(anonymous_0)
FN:30,(anonymous_1)
FN:44,(anonymous_2)
FN:53,(anonymous_3)
FN:62,(anonymous_4)
FN:69,(anonymous_5)
FN:83,(anonymous_6)
FN:96,(anonymous_7)
FN:104,(anonymous_8)
FN:129,(anonymous_9)
FN:147,(anonymous_10)
FN:156,(anonymous_11)
FN:165,(anonymous_12)
FN:175,(anonymous_13)
FN:193,(anonymous_14)
FN:210,(anonymous_15)
FN:222,(anonymous_16)
FN:234,(anonymous_17)
FN:249,(anonymous_18)
FN:275,(anonymous_19)
FNF:20
FNH:6
FNDA:0,(anonymous_0)
FNDA:9,(anonymous_1)
FNDA:2,(anonymous_2)
FNDA:1,(anonymous_3)
FNDA:0,(anonymous_4)
FNDA:0,(anonymous_5)
FNDA:0,(anonymous_6)
FNDA:0,(anonymous_7)
FNDA:0,(anonymous_8)
FNDA:0,(anonymous_9)
FNDA:0,(anonymous_10)
FNDA:2,(anonymous_11)
FNDA:2,(anonymous_12)
FNDA:0,(anonymous_13)
FNDA:0,(anonymous_14)
FNDA:0,(anonymous_15)
FNDA:0,(anonymous_16)
FNDA:0,(anonymous_17)
FNDA:1,(anonymous_18)
FNDA:0,(anonymous_19)
DA:1,2
DA:2,2
DA:3,2
DA:4,2
DA:11,0
DA:14,0
DA:15,0
DA:17,0
DA:23,0
DA:24,0
DA:31,9
DA:37,9
DA:38,9
DA:45,2
DA:46,2
DA:47,2
DA:54,1
DA:55,1
DA:56,1
DA:63,0
DA:70,0
DA:76,0
DA:77,0
DA:84,0
DA:89,0
DA:90,0
DA:97,0
DA:98,0
DA:99,0
DA:101,0
DA:103,0
DA:104,0
DA:105,0
DA:106,0
DA:107,0
DA:108,0
DA:112,0
DA:114,0
DA:115,0
DA:122,0
DA:123,0
DA:130,0
DA:131,0
DA:133,0
DA:140,0
DA:141,0
DA:148,0
DA:149,0
DA:150,0
DA:157,2
DA:158,2
DA:159,2
DA:166,2
DA:167,2
DA:176,0
DA:177,0
DA:178,0
DA:180,0
DA:186,0
DA:187,0
DA:194,0
DA:203,0
DA:204,0
DA:211,0
DA:216,0
DA:223,0
DA:228,0
DA:235,0
DA:240,0
DA:241,0
DA:250,1
DA:252,1
DA:259,1
DA:260,1
DA:265,1
DA:267,0
DA:268,0
DA:276,0
DA:277,0
DA:278,0
DA:279,0
DA:280,0
DA:282,0
DA:283,0
DA:284,0
DA:285,0
DA:288,0
DA:289,0
DA:290,0
DA:291,0
DA:294,0
DA:300,0
DA:301,0
DA:304,0
DA:305,0
DA:307,0
DA:310,0
DA:311,0
DA:312,0
DA:314,0
DA:315,0
DA:316,0
DA:318,0
DA:325,2
LF:104
LH:24
BRDA:11,0,0,0
BRDA:11,1,0,0
BRDA:38,2,0,9
BRDA:38,2,1,0
BRDA:47,3,0,2
BRDA:47,3,1,1
BRDA:56,4,0,1
BRDA:56,4,1,1
BRDA:105,5,0,0
BRDA:105,5,1,0
BRDA:112,6,0,0
BRDA:112,6,1,0
BRDA:123,7,0,0
BRDA:123,7,1,0
BRDA:141,8,0,0
BRDA:141,8,1,0
BRDA:150,9,0,0
BRDA:150,9,1,0
BRDA:204,10,0,0
BRDA:204,10,1,0
BRDA:250,11,0,1
BRDA:250,12,0,1
BRDA:250,13,0,0
BRDA:262,14,0,1
BRDA:262,14,1,0
BRDA:275,15,0,0
BRDA:276,16,0,0
BRDA:276,17,0,0
BRDA:276,18,0,0
BRDA:276,19,0,0
BRDA:282,20,0,0
BRDA:282,20,1,0
BRDA:288,21,0,0
BRDA:288,21,1,0
BRDA:300,22,0,0
BRDA:300,22,1,0
BRDA:311,23,0,0
BRDA:311,23,1,0
BRF:38
BRH:8
end_of_record
TN:
SF:src/models/ApiKey.js
FN:9,(anonymous_0)
FN:16,(anonymous_1)
FN:23,(anonymous_2)
FN:59,(anonymous_3)
FN:75,(anonymous_4)
FN:85,(anonymous_5)
FN:105,(anonymous_6)
FN:147,(anonymous_7)
FN:162,(anonymous_8)
FN:212,(anonymous_9)
FN:221,(anonymous_10)
FNF:11
FNH:0
FNDA:0,(anonymous_0)
FNDA:0,(anonymous_1)
FNDA:0,(anonymous_2)
FNDA:0,(anonymous_3)
FNDA:0,(anonymous_4)
FNDA:0,(anonymous_5)
FNDA:0,(anonymous_6)
FNDA:0,(anonymous_7)
FNDA:0,(anonymous_8)
FNDA:0,(anonymous_9)
FNDA:0,(anonymous_10)
DA:1,2
DA:2,2
DA:3,2
DA:10,0
DA:17,0
DA:24,0
DA:26,0
DA:27,0
DA:29,0
DA:30,0
DA:31,0
DA:34,0
DA:40,0
DA:49,0
DA:60,0
DA:62,0
DA:68,0
DA:69,0
DA:72,0
DA:74,0
DA:75,0
DA:86,0
DA:93,0
DA:94,0
DA:96,0
DA:106,0
DA:108,0
DA:114,0
DA:116,0
DA:117,0
DA:120,0
DA:122,0
DA:123,0
DA:126,0
DA:127,0
DA:131,0
DA:133,0
DA:148,0
DA:155,0
DA:156,0
DA:163,0
DA:164,0
DA:165,0
DA:166,0
DA:168,0
DA:169,0
DA:170,0
DA:171,0
DA:174,0
DA:175,0
DA:176,0
DA:177,0
DA:180,0
DA:181,0
DA:182,0
DA:183,0
DA:186,0
DA:187,0
DA:188,0
DA:189,0
DA:192,0
DA:193,0
DA:196,0
DA:198,0
DA:205,0
DA:206,0
DA:213,0
DA:214,0
DA:215,0
DA:222,0
DA:231,0
DA:232,0
DA:236,2
LF:73
LH:4
BRDA:24,0,0,0
BRDA:24,1,0,0
BRDA:24,2,0,0
BRDA:30,3,0,0
BRDA:30,3,1,0
BRDA:59,4,0,0
BRDA:60,5,0,0
BRDA:68,6,0,0
BRDA:68,6,1,0
BRDA:78,7,0,0
BRDA:78,7,1,0
BRDA:94,8,0,0
BRDA:94,8,1,0
BRDA:116,9,0,0
BRDA:116,9,1,0
BRDA:122,10,0,0
BRDA:122,10,1,0
BRDA:126,11,0,0
BRDA:126,11,1,0
BRDA:126,12,0,0
BRDA:126,12,1,0
BRDA:156,13,0,0
BRDA:156,13,1,0
BRDA:168,14,0,0
BRDA:168,14,1,0
BRDA:174,15,0,0
BRDA:174,15,1,0
BRDA:180,16,0,0
BRDA:180,16,1,0
BRDA:186,17,0,0
BRDA:186,17,1,0
BRDA:192,18,0,0
BRDA:192,18,1,0
BRDA:206,19,0,0
BRDA:206,19,1,0
BRDA:215,20,0,0
BRDA:215,20,1,0
BRF:37
BRH:0
end_of_record
TN:
SF:src/models/File.js
FN:10,(anonymous_0)
FN:26,(anonymous_1)
FN:39,(anonymous_2)
FN:52,(anonymous_3)
FN:108,(anonymous_4)
FN:184,(anonymous_5)
FN:247,(anonymous_6)
FN:262,(anonymous_7)
FN:279,(anonymous_8)
FN:294,(anonymous_9)
FN:303,(anonymous_10)
FN:311,(anonymous_11)
FN:338,(anonymous_12)
FN:348,(anonymous_13)
FN:355,(anonymous_14)
FNF:15
FNH:3
FNDA:0,(anonymous_0)
FNDA:4,(anonymous_1)
FNDA:0,(anonymous_2)
FNDA:8,(anonymous_3)
FNDA:0,(anonymous_4)
FNDA:0,(anonymous_5)
FNDA:0,(anonymous_6)
FNDA:0,(anonymous_7)
FNDA:0,(anonymous_8)
FNDA:0,(anonymous_9)
FNDA:0,(anonymous_10)
FNDA:0,(anonymous_11)
FNDA:0,(anonymous_12)
FNDA:0,(anonymous_13)
FNDA:1,(anonymous_14)
DA:1,2
DA:2,2
DA:3,2
DA:4,2
DA:11,0
DA:13,0
DA:19,0
DA:20,0
DA:27,4
DA:32,4
DA:33,4
DA:40,0
DA:45,0
DA:46,0
DA:67,8
DA:69,8
DA:70,8
DA:71,8
DA:72,8
DA:74,8
DA:75,8
DA:76,8
DA:79,8
DA:80,1
DA:84,1
DA:85,1
DA:89,8
DA:90,1
DA:91,1
DA:92,1
DA:96,8
DA:97,0
DA:105,0
DA:106,0
DA:107,0
DA:108,0
DA:109,0
DA:110,0
DA:111,0
DA:113,0
DA:114,0
DA:115,0
DA:121,8
DA:122,1
DA:123,1
DA:124,1
DA:127,8
DA:128,1
DA:129,1
DA:130,1
DA:134,8
DA:135,1
DA:136,1
DA:137,1
DA:140,8
DA:141,1
DA:142,1
DA:143,1
DA:147,8
DA:148,0
DA:149,0
DA:150,0
DA:153,8
DA:154,8
DA:156,8
DA:159,8
DA:160,8
DA:161,8
DA:163,8
DA:164,1
DA:165,1
DA:166,1
DA:168,8
DA:169,1
DA:170,1
DA:171,1
DA:173,8
DA:174,0
DA:181,0
DA:182,0
DA:183,0
DA:184,0
DA:185,0
DA:186,0
DA:187,0
DA:189,0
DA:190,0
DA:191,0
DA:195,8
DA:196,1
DA:197,1
DA:198,1
DA:200,8
DA:201,1
DA:202,1
DA:203,1
DA:205,8
DA:206,1
DA:207,1
DA:208,1
DA:210,8
DA:211,1
DA:212,1
DA:213,1
DA:215,8
DA:216,0
DA:217,0
DA:220,8
DA:221,8
DA:223,8
DA:248,0
DA:255,0
DA:256,0
DA:263,0
DA:272,0
DA:273,0
DA:280,0
DA:287,0
DA:288,0
DA:295,0
DA:296,0
DA:297,0
DA:304,0
DA:305,0
DA:306,0
DA:308,0
DA:310,0
DA:311,0
DA:312,0
DA:313,0
DA:314,0
DA:315,0
DA:319,0
DA:320,0
DA:323,0
DA:324,0
DA:331,0
DA:332,0
DA:339,0
DA:340,0
DA:341,0
DA:342,0
DA:349,0
DA:356,1
DA:366,1
DA:367,1
DA:371,2
LF:147
LH:80
BRDA:33,0,0,4
BRDA:33,0,1,2
BRDA:46,1,0,0
BRDA:46,1,1,0
BRDA:52,2,0,0
BRDA:54,3,0,0
BRDA:55,4,0,0
BRDA:56,5,0,8
BRDA:57,6,0,8
BRDA:58,7,0,7
BRDA:60,8,0,7
BRDA:61,9,0,8
BRDA:62,10,0,4
BRDA:63,11,0,4
BRDA:64,12,0,7
BRDA:65,13,0,7
BRDA:66,14,0,8
BRDA:71,15,0,8
BRDA:71,15,1,0
BRDA:72,16,0,0
BRDA:72,16,1,8
BRDA:79,17,0,1
BRDA:79,17,1,7
BRDA:89,18,0,1
BRDA:89,18,1,7
BRDA:96,19,0,0
BRDA:96,19,1,8
BRDA:106,20,0,0
BRDA:106,20,1,0
BRDA:107,21,0,0
BRDA:107,21,1,0
BRDA:121,22,0,1
BRDA:121,22,1,7
BRDA:127,23,0,1
BRDA:127,23,1,7
BRDA:134,24,0,1
BRDA:134,24,1,7
BRDA:140,25,0,1
BRDA:140,25,1,7
BRDA:147,26,0,0
BRDA:147,26,1,8
BRDA:163,27,0,1
BRDA:163,27,1,7
BRDA:168,28,0,1
BRDA:168,28,1,7
BRDA:173,29,0,0
BRDA:173,29,1,8
BRDA:182,30,0,0
BRDA:182,30,1,0
BRDA:183,31,0,0
BRDA:183,31,1,0
BRDA:195,32,0,1
BRDA:195,32,1,7
BRDA:200,33,0,1
BRDA:200,33,1,7
BRDA:205,34,0,1
BRDA:205,34,1,7
BRDA:210,35,0,1
BRDA:210,35,1,7
BRDA:215,36,0,0
BRDA:215,36,1,8
BRDA:288,37,0,0
BRDA:288,37,1,0
BRDA:297,38,0,0
BRDA:297,38,1,0
BRDA:312,39,0,0
BRDA:312,39,1,0
BRDA:319,40,0,0
BRDA:319,40,1,0
BRDA:332,41,0,0
BRDA:332,41,1,0
BRF:71
BRH:42
end_of_record
TN:
SF:src/models/Token.js
FN:9,(anonymous_0)
FN:37,(anonymous_1)
FN:53,(anonymous_2)
FN:68,(anonymous_3)
FN:93,(anonymous_4)
FN:108,(anonymous_5)
FN:127,(anonymous_6)
FN:196,(anonymous_7)
FN:211,(anonymous_8)
FN:226,(anonymous_9)
FN:240,(anonymous_10)
FNF:11
FNH:7
FNDA:1,(anonymous_0)
FNDA:4,(anonymous_1)
FNDA:0,(anonymous_2)
FNDA:2,(anonymous_3)
FNDA:0,(anonymous_4)
FNDA:2,(anonymous_5)
FNDA:1,(anonymous_6)
FNDA:0,(anonymous_7)
FNDA:0,(anonymous_8)
FNDA:2,(anonymous_9)
FNDA:1,(anonymous_10)
DA:1,2
DA:2,2
DA:3,2
DA:15,1
DA:18,1
DA:21,1
DA:22,1
DA:24,1
DA:30,1
DA:31,1
DA:38,4
DA:46,4
DA:47,4
DA:54,0
DA:61,0
DA:62,0
DA:69,2
DA:71,2
DA:72,2
DA:75,0
DA:76,0
DA:79,0
DA:80,0
DA:83,0
DA:84,0
DA:87,0
DA:94,0
DA:101,0
DA:102,0
DA:109,2
DA:114,2
DA:115,2
DA:118,2
DA:120,2
DA:121,2
DA:133,1
DA:135,1
DA:136,1
DA:137,1
DA:139,1
DA:146,1
DA:147,1
DA:150,1
DA:151,0
DA:152,0
DA:153,0
DA:156,1
DA:157,1
DA:159,1
DA:162,1
DA:168,1
DA:170,1
DA:171,1
DA:174,1
DA:175,0
DA:176,0
DA:179,1
DA:180,1
DA:182,1
DA:197,0
DA:204,0
DA:205,0
DA:212,0
DA:219,0
DA:220,0
DA:227,2
DA:233,2
DA:234,2
DA:241,1
DA:251,1
DA:252,1
DA:256,2
LF:72
LH:48
BRDA:12,0,0,0
BRDA:12,1,0,0
BRDA:12,1,1,0
BRDA:13,2,0,0
BRDA:14,3,0,0
BRDA:47,4,0,4
BRDA:47,4,1,3
BRDA:62,5,0,0
BRDA:62,5,1,0
BRDA:71,6,0,2
BRDA:71,6,1,0
BRDA:75,7,0,0
BRDA:75,7,1,0
BRDA:79,8,0,0
BRDA:79,8,1,0
BRDA:83,9,0,0
BRDA:83,9,1,0
BRDA:108,10,0,2
BRDA:114,11,0,2
BRDA:114,11,1,0
BRDA:127,12,0,0
BRDA:129,13,0,0
BRDA:130,14,0,0
BRDA:131,15,0,0
BRDA:132,16,0,1
BRDA:146,17,0,1
BRDA:146,17,1,0
BRDA:150,18,0,0
BRDA:150,18,1,1
BRDA:170,19,0,1
BRDA:170,19,1,0
BRDA:174,20,0,0
BRDA:174,20,1,1
BRDA:205,21,0,0
BRDA:205,21,1,0
BRF:35
BRH:10
end_of_record
TN:
SF:src/routes/admin.js
FN:21,(anonymous_0)
FN:25,(anonymous_1)
FN:45,handleValidationErrors
FN:64,(anonymous_3)
FN:94,(anonymous_4)
FN:119,(anonymous_5)
FN:157,(anonymous_6)
FN:181,(anonymous_7)
FN:213,formatUptime
FN:233,(anonymous_9)
FN:267,(anonymous_10)
FN:302,(anonymous_11)
FN:343,(anonymous_12)
FN:374,(anonymous_13)
FN:403,(anonymous_14)
FN:474,(anonymous_15)
FN:575,(anonymous_16)
FN:588,(anonymous_17)
FN:627,(anonymous_18)
FN:692,(anonymous_19)
FN:741,(anonymous_20)
FN:762,(anonymous_21)
FN:780,(anonymous_22)
FN:813,(anonymous_23)
FN:835,(anonymous_24)
FN:873,(anonymous_25)
FN:904,(anonymous_26)
FN:930,(anonymous_27)
FN:982,(anonymous_28)
FN:1036,(anonymous_29)
FN:1086,(anonymous_30)
FN:1116,(anonymous_31)
FN:1140,(anonymous_32)
FN:1169,(anonymous_33)
FN:1216,(anonymous_34)
FNF:35
FNH:7
FNDA:0,(anonymous_0)
FNDA:0,(anonymous_1)
FNDA:0,handleValidationErrors
FNDA:0,(anonymous_3)
FNDA:0,(anonymous_4)
FNDA:2,(anonymous_5)
FNDA:1,(anonymous_6)
FNDA:0,(anonymous_7)
FNDA:2,formatUptime
FNDA:4,(anonymous_9)
FNDA:1,(anonymous_10)
FNDA:0,(anonymous_11)
FNDA:0,(anonymous_12)
FNDA:0,(anonymous_13)
FNDA:0,(anonymous_14)
FNDA:0,(anonymous_15)
FNDA:0,(anonymous_16)
FNDA:0,(anonymous_17)
FNDA:0,(anonymous_18)
FNDA:0,(anonymous_19)
FNDA:0,(anonymous_20)
FNDA:0,(anonymous_21)
FNDA:0,(anonymous_22)
FNDA:2,(anonymous_23)
FNDA:8,(anonymous_24)
FNDA:0,(anonymous_25)
FNDA:0,(anonymous_26)
FNDA:0,(anonymous_27)
FNDA:0,(anonymous_28)
FNDA:0,(anonymous_29)
FNDA:0,(anonymous_30)
FNDA:0,(anonymous_31)
FNDA:0,(anonymous_32)
FNDA:0,(anonymous_33)
FNDA:0,(anonymous_34)
DA:1,2
DA:2,2
DA:3,2
DA:4,2
DA:5,2
DA:7,2
DA:8,2
DA:9,2
DA:10,2
DA:11,2
DA:12,2
DA:13,2
DA:14,2
DA:15,2
DA:17,2
DA:20,2
DA:22,0
DA:23,0
DA:26,0
DA:27,0
DA:31,2
DA:40,2
DA:46,0
DA:47,0
DA:48,0
DA:55,0
DA:64,2
DA:65,0
DA:66,0
DA:75,0
DA:94,0
DA:107,0
DA:108,0
DA:119,2
DA:120,2
DA:121,2
DA:122,2
DA:123,2
DA:125,2
DA:145,0
DA:146,0
DA:157,2
DA:158,1
DA:159,1
DA:161,1
DA:169,0
DA:170,0
DA:181,2
DA:182,0
DA:183,0
DA:185,0
DA:186,0
DA:187,0
DA:188,0
DA:194,0
DA:195,0
DA:201,0
DA:202,0
DA:214,2
DA:215,2
DA:216,2
DA:217,2
DA:219,2
DA:220,2
DA:221,2
DA:222,2
DA:223,2
DA:225,2
DA:233,2
DA:234,4
DA:249,4
DA:251,4
DA:267,4
DA:268,1
DA:269,1
DA:283,4
DA:290,0
DA:291,0
DA:302,2
DA:303,0
DA:304,0
DA:309,0
DA:329,0
DA:330,0
DA:341,2
DA:344,0
DA:345,0
DA:347,0
DA:348,0
DA:355,0
DA:360,0
DA:374,0
DA:389,0
DA:390,0
DA:401,2
DA:404,0
DA:405,0
DA:408,0
DA:410,0
DA:411,0
DA:419,0
DA:421,0
DA:422,0
DA:430,0
DA:433,0
DA:447,0
DA:453,0
DA:462,0
DA:463,0
DA:474,2
DA:475,0
DA:477,0
DA:478,0
DA:479,0
DA:486,0
DA:489,0
DA:490,0
DA:493,0
DA:503,0
DA:513,0
DA:516,0
DA:530,0
DA:538,0
DA:551,0
DA:554,0
DA:555,0
DA:556,0
DA:558,0
DA:562,0
DA:575,2
DA:576,0
DA:577,0
DA:579,0
DA:586,0
DA:588,0
DA:608,0
DA:609,0
DA:621,2
DA:627,2
DA:628,0
DA:629,0
DA:632,0
DA:633,0
DA:634,0
DA:642,0
DA:650,0
DA:660,0
DA:675,0
DA:676,0
DA:684,2
DA:685,2
DA:690,2
DA:693,0
DA:694,0
DA:697,0
DA:699,0
DA:700,0
DA:708,0
DA:718,0
DA:727,0
DA:728,0
DA:739,2
DA:742,0
DA:743,0
DA:744,0
DA:746,0
DA:747,0
DA:748,0
DA:752,0
DA:760,0
DA:762,0
DA:766,0
DA:767,0
DA:780,2
DA:781,0
DA:782,0
DA:784,0
DA:795,0
DA:801,0
DA:802,0
DA:813,2
DA:814,2
DA:815,2
DA:817,2
DA:827,2
DA:829,2
DA:831,1
DA:832,1
DA:834,1
DA:835,1
DA:836,8
DA:837,8
DA:838,8
DA:839,0
DA:841,8
DA:843,1
DA:846,1
DA:847,1
DA:848,1
DA:852,1
DA:853,1
DA:854,1
DA:861,0
DA:862,0
DA:873,2
DA:874,0
DA:875,0
DA:877,0
DA:884,0
DA:890,0
DA:891,0
DA:904,2
DA:905,0
DA:906,0
DA:908,0
DA:913,0
DA:914,0
DA:925,2
DA:931,0
DA:932,0
DA:934,0
DA:943,0
DA:953,0
DA:959,0
DA:960,0
DA:966,0
DA:967,0
DA:978,2
DA:983,0
DA:984,0
DA:987,0
DA:988,0
DA:995,0
DA:997,0
DA:998,0
DA:1006,0
DA:1016,0
DA:1022,0
DA:1023,0
DA:1034,2
DA:1037,0
DA:1039,0
DA:1040,0
DA:1047,0
DA:1049,0
DA:1050,0
DA:1058,0
DA:1067,0
DA:1072,0
DA:1073,0
DA:1086,2
DA:1087,0
DA:1088,0
DA:1090,0
DA:1098,0
DA:1104,0
DA:1105,0
DA:1116,2
DA:1117,0
DA:1118,0
DA:1120,0
DA:1126,0
DA:1127,0
DA:1140,2
DA:1141,0
DA:1142,0
DA:1144,0
DA:1148,0
DA:1153,0
DA:1154,0
DA:1165,2
DA:1170,0
DA:1171,0
DA:1173,0
DA:1180,0
DA:1190,0
DA:1196,0
DA:1202,0
DA:1203,0
DA:1214,2
DA:1217,0
DA:1218,0
DA:1220,0
DA:1221,0
DA:1229,0
DA:1239,0
DA:1245,0
DA:1251,0
DA:1252,0
DA:1260,2
LF:290
LH:92
BRDA:34,0,0,2
BRDA:34,0,1,2
BRDA:47,1,0,0
BRDA:47,1,1,0
BRDA:79,2,0,0
BRDA:79,2,1,0
BRDA:80,3,0,0
BRDA:80,3,1,0
BRDA:81,4,0,0
BRDA:81,4,1,0
BRDA:84,5,0,0
BRDA:84,5,1,0
BRDA:85,6,0,0
BRDA:85,6,1,0
BRDA:86,7,0,0
BRDA:86,7,1,0
BRDA:89,8,0,0
BRDA:89,8,1,0
BRDA:90,9,0,0
BRDA:90,9,1,0
BRDA:91,10,0,0
BRDA:91,10,1,0
BRDA:92,11,0,0
BRDA:92,11,1,0
BRDA:103,12,0,0
BRDA:103,12,1,0
BRDA:185,13,0,0
BRDA:185,13,1,0
BRDA:220,14,0,0
BRDA:220,14,1,2
BRDA:221,15,0,0
BRDA:221,15,1,2
BRDA:222,16,0,0
BRDA:222,16,1,2
BRDA:223,17,0,2
BRDA:223,17,1,0
BRDA:223,18,0,2
BRDA:223,18,1,2
BRDA:236,19,0,4
BRDA:237,20,0,4
BRDA:253,21,0,4
BRDA:253,21,1,0
BRDA:259,22,0,1
BRDA:259,22,1,3
BRDA:260,23,0,1
BRDA:260,23,1,3
BRDA:315,24,0,0
BRDA:315,24,1,0
BRDA:316,25,0,0
BRDA:316,25,1,0
BRDA:317,26,0,0
BRDA:317,26,1,0
BRDA:318,27,0,0
BRDA:318,27,1,0
BRDA:347,28,0,0
BRDA:347,28,1,0
BRDA:410,29,0,0
BRDA:410,29,1,0
BRDA:421,30,0,0
BRDA:421,30,1,0
BRDA:478,31,0,0
BRDA:478,31,1,0
BRDA:554,32,0,0
BRDA:554,32,1,0
BRDA:577,33,0,0
BRDA:577,34,0,0
BRDA:577,35,0,0
BRDA:581,36,0,0
BRDA:581,36,1,0
BRDA:599,37,0,0
BRDA:599,37,1,0
BRDA:599,37,2,0
BRDA:629,38,0,0
BRDA:633,39,0,0
BRDA:633,39,1,0
BRDA:699,40,0,0
BRDA:699,40,1,0
BRDA:782,41,0,0
BRDA:782,42,0,0
BRDA:786,43,0,0
BRDA:786,43,1,0
BRDA:788,44,0,0
BRDA:788,44,1,0
BRDA:815,45,0,1
BRDA:815,46,0,2
BRDA:819,47,0,2
BRDA:819,47,1,0
BRDA:821,48,0,0
BRDA:821,48,1,2
BRDA:829,49,0,1
BRDA:829,49,1,1
BRDA:837,50,0,0
BRDA:837,50,1,8
BRDA:837,51,0,8
BRDA:837,51,1,8
BRDA:838,52,0,0
BRDA:838,52,1,8
BRDA:838,53,0,8
BRDA:838,53,1,5
BRDA:838,53,2,5
BRDA:875,54,0,0
BRDA:875,55,0,0
BRDA:879,56,0,0
BRDA:879,56,1,0
BRDA:938,57,0,0
BRDA:938,57,1,0
BRDA:948,58,0,0
BRDA:948,58,1,0
BRDA:959,59,0,0
BRDA:959,59,1,0
BRDA:987,60,0,0
BRDA:987,60,1,0
BRDA:987,61,0,0
BRDA:987,61,1,0
BRDA:997,62,0,0
BRDA:997,62,1,0
BRDA:1039,63,0,0
BRDA:1039,63,1,0
BRDA:1049,64,0,0
BRDA:1049,64,1,0
BRDA:1142,65,0,0
BRDA:1175,66,0,0
BRDA:1175,66,1,0
BRDA:1185,67,0,0
BRDA:1185,67,1,0
BRDA:1220,68,0,0
BRDA:1220,68,1,0
BRF:127
BRH:28
end_of_record
TN:
SF:src/routes/auth.js
FN:13,handleValidationErrors
FN:34,(anonymous_1)
FN:107,(anonymous_2)
FN:130,(anonymous_3)
FN:231,(anonymous_4)
FN:281,(anonymous_5)
FN:318,(anonymous_6)
FN:357,(anonymous_7)
FNF:8
FNH:3
FNDA:3,handleValidationErrors
FNDA:0,(anonymous_1)
FNDA:2,(anonymous_2)
FNDA:2,(anonymous_3)
FNDA:0,(anonymous_4)
FNDA:0,(anonymous_5)
FNDA:0,(anonymous_6)
FNDA:0,(anonymous_7)
DA:1,2
DA:2,2
DA:4,2
DA:5,2
DA:6,2
DA:8,2
DA:14,3
DA:15,3
DA:16,1
DA:23,2
DA:29,2
DA:35,0
DA:36,0
DA:39,0
DA:40,0
DA:41,0
DA:49,0
DA:50,0
DA:51,0
DA:59,0
DA:67,0
DA:75,0
DA:77,0
DA:88,0
DA:89,0
DA:95,0
DA:96,0
DA:107,2
DA:108,2
DA:109,2
DA:110,2
DA:115,0
DA:116,0
DA:127,2
DA:131,2
DA:132,2
DA:133,2
DA:134,2
DA:137,2
DA:138,2
DA:139,1
DA:142,2
DA:143,1
DA:150,1
DA:158,1
DA:159,1
DA:167,0
DA:168,0
DA:169,0
DA:177,0
DA:185,0
DA:186,0
DA:189,0
DA:192,0
DA:199,0
DA:201,0
DA:217,0
DA:218,0
DA:229,2
DA:232,0
DA:233,0
DA:235,0
DA:237,0
DA:238,0
DA:245,0
DA:246,0
DA:254,0
DA:261,0
DA:269,0
DA:270,0
DA:281,2
DA:282,0
DA:283,0
DA:284,0
DA:286,0
DA:287,0
DA:288,0
DA:289,0
DA:294,0
DA:301,0
DA:306,0
DA:307,0
DA:318,2
DA:319,0
DA:320,0
DA:322,0
DA:323,0
DA:330,0
DA:342,0
DA:343,0
DA:354,2
DA:358,0
DA:359,0
DA:361,0
DA:362,0
DA:363,0
DA:371,0
DA:372,0
DA:373,0
DA:381,0
DA:384,0
DA:387,0
DA:394,0
DA:396,0
DA:401,0
DA:402,0
DA:410,2
LF:107
LH:33
BRDA:15,0,0,1
BRDA:15,0,1,2
BRDA:39,1,0,0
BRDA:39,1,1,0
BRDA:40,2,0,0
BRDA:40,2,1,0
BRDA:50,3,0,0
BRDA:50,3,1,0
BRDA:88,4,0,0
BRDA:88,4,1,0
BRDA:133,5,0,2
BRDA:133,5,1,2
BRDA:138,6,0,1
BRDA:138,6,1,1
BRDA:142,7,0,1
BRDA:142,7,1,1
BRDA:158,8,0,1
BRDA:158,8,1,0
BRDA:168,9,0,0
BRDA:168,9,1,0
BRDA:237,10,0,0
BRDA:237,10,1,0
BRDA:245,11,0,0
BRDA:245,11,1,0
BRDA:284,12,0,0
BRDA:284,12,1,0
BRDA:286,13,0,0
BRDA:286,13,1,0
BRDA:288,14,0,0
BRDA:288,14,1,0
BRDA:322,15,0,0
BRDA:322,15,1,0
BRDA:362,16,0,0
BRDA:362,16,1,0
BRDA:372,17,0,0
BRDA:372,17,1,0
BRF:36
BRH:9
end_of_record
TN:
SF:src/routes/download.js
FN:16,(anonymous_0)
FN:118,(anonymous_1)
FN:152,(anonymous_2)
FNF:3
FNH:1
FNDA:2,(anonymous_0)
FNDA:0,(anonymous_1)
FNDA:0,(anonymous_2)
DA:1,2
DA:2,2
DA:3,2
DA:5,2
DA:6,2
DA:7,2
DA:8,2
DA:10,2
DA:16,2
DA:17,2
DA:18,2
DA:19,2
DA:20,2
DA:21,2
DA:23,2
DA:25,2
DA:27,2
DA:29,2
DA:30,1
DA:41,1
DA:47,1
DA:54,0
DA:55,0
DA:58,0
DA:59,0
DA:70,0
DA:75,0
DA:83,0
DA:86,0
DA:100,0
DA:108,0
DA:109,0
DA:110,0
DA:111,0
DA:112,0
DA:115,0
DA:116,0
DA:118,0
DA:119,0
DA:120,0
DA:121,0
DA:130,1
DA:132,1
DA:141,1
DA:152,2
DA:153,0
DA:155,0
DA:156,0
DA:158,0
DA:159,0
DA:162,0
DA:163,0
DA:165,0
DA:166,0
DA:169,0
DA:170,0
DA:171,0
DA:172,0
DA:173,0
DA:174,0
DA:177,0
DA:178,0
DA:182,2
LF:63
LH:26
BRDA:19,0,0,2
BRDA:19,0,1,2
BRDA:27,1,0,2
BRDA:27,1,1,0
BRDA:31,2,0,1
BRDA:31,2,1,1
BRDA:32,3,0,1
BRDA:32,3,1,1
BRDA:58,4,0,0
BRDA:58,4,1,0
BRDA:120,5,0,0
BRDA:120,5,1,0
BRDA:158,6,0,0
BRDA:158,6,1,0
BRDA:165,7,0,0
BRDA:165,7,1,0
BRF:16
BRH:7
end_of_record
TN:
SF:src/routes/files.js
FN:18,(anonymous_0)
FN:22,(anonymous_1)
FN:39,(anonymous_2)
FN:53,(anonymous_3)
FN:76,(anonymous_4)
FN:125,(anonymous_5)
FN:167,(anonymous_6)
FN:181,(anonymous_7)
FN:214,(anonymous_8)
FN:239,(anonymous_9)
FN:275,(anonymous_10)
FN:346,(anonymous_11)
FNF:12
FNH:4
FNDA:0,(anonymous_0)
FNDA:0,(anonymous_1)
FNDA:4,(anonymous_2)
FNDA:1,(anonymous_3)
FNDA:1,(anonymous_4)
FNDA:2,(anonymous_5)
FNDA:0,(anonymous_6)
FNDA:0,(anonymous_7)
FNDA:0,(anonymous_8)
FNDA:0,(anonymous_9)
FNDA:0,(anonymous_10)
FNDA:0,(anonymous_11)
DA:1,2
DA:2,2
DA:3,2
DA:4,2
DA:5,2
DA:7,2
DA:8,2
DA:9,2
DA:10,2
DA:11,2
DA:12,2
DA:14,2
DA:17,2
DA:19,0
DA:20,0
DA:23,0
DA:24,0
DA:28,2
DA:39,2
DA:40,4
DA:41,4
DA:43,4
DA:51,4
DA:53,1
DA:64,0
DA:65,0
DA:76,2
DA:77,1
DA:78,1
DA:84,1
DA:113,0
DA:114,0
DA:125,2
DA:126,2
DA:127,2
DA:129,2
DA:130,1
DA:138,1
DA:140,1
DA:155,0
DA:156,0
DA:167,2
DA:168,0
DA:169,0
DA:171,0
DA:172,0
DA:180,0
DA:181,0
DA:183,0
DA:184,0
DA:191,0
DA:194,0
DA:195,0
DA:197,0
DA:205,0
DA:206,0
DA:207,0
DA:208,0
DA:211,0
DA:212,0
DA:214,0
DA:215,0
DA:216,0
DA:217,0
DA:225,0
DA:227,0
DA:228,0
DA:239,2
DA:240,0
DA:241,0
DA:243,0
DA:244,0
DA:251,0
DA:252,0
DA:257,0
DA:263,0
DA:264,0
DA:275,2
DA:276,0
DA:278,0
DA:279,0
DA:282,0
DA:283,0
DA:286,0
DA:296,0
DA:305,0
DA:311,0
DA:324,0
DA:327,0
DA:328,0
DA:329,0
DA:331,0
DA:335,0
DA:346,2
DA:347,0
DA:349,0
DA:350,0
DA:352,0
DA:353,0
DA:361,0
DA:364,0
DA:367,0
DA:368,0
DA:369,0
DA:371,0
DA:375,0
DA:383,0
DA:385,0
DA:394,0
DA:395,0
DA:403,2
LF:111
LH:36
BRDA:31,0,0,2
BRDA:31,0,1,2
BRDA:41,1,0,4
BRDA:41,2,0,4
BRDA:45,3,0,4
BRDA:45,3,1,0
BRDA:88,4,0,1
BRDA:88,4,1,0
BRDA:89,5,0,1
BRDA:89,5,1,0
BRDA:90,6,0,1
BRDA:90,6,1,0
BRDA:91,7,0,1
BRDA:91,7,1,0
BRDA:92,8,0,1
BRDA:92,8,1,0
BRDA:95,9,0,1
BRDA:95,9,1,0
BRDA:96,10,0,1
BRDA:96,10,1,0
BRDA:97,11,0,1
BRDA:97,11,1,0
BRDA:98,12,0,1
BRDA:98,12,1,0
BRDA:99,13,0,1
BRDA:99,13,1,0
BRDA:102,14,0,1
BRDA:102,14,1,0
BRDA:103,15,0,1
BRDA:103,15,1,0
BRDA:104,16,0,1
BRDA:104,16,1,0
BRDA:105,17,0,1
BRDA:105,17,1,0
BRDA:106,18,0,1
BRDA:106,18,1,0
BRDA:107,19,0,1
BRDA:107,19,1,0
BRDA:108,20,0,1
BRDA:108,20,1,0
BRDA:129,21,0,1
BRDA:129,21,1,1
BRDA:171,22,0,0
BRDA:171,22,1,0
BRDA:183,23,0,0
BRDA:183,23,1,0
BRDA:216,24,0,0
BRDA:216,24,1,0
BRDA:243,25,0,0
BRDA:243,25,1,0
BRDA:251,26,0,0
BRDA:251,27,0,0
BRDA:254,28,0,0
BRDA:254,28,1,0
BRDA:292,29,0,0
BRDA:292,29,1,0
BRDA:327,30,0,0
BRDA:327,30,1,0
BRDA:352,31,0,0
BRDA:352,31,1,0
BRF:60
BRH:24
end_of_record
TN:
SF:src/routes/tokens.js
FN:15,handleValidationErrors
FN:36,(anonymous_1)
FN:49,(anonymous_2)
FN:78,(anonymous_3)
FN:129,(anonymous_4)
FN:199,(anonymous_5)
FN:250,(anonymous_6)
FNF:7
FNH:3
FNDA:4,handleValidationErrors
FNDA:1,(anonymous_1)
FNDA:0,(anonymous_2)
FNDA:0,(anonymous_3)
FNDA:2,(anonymous_4)
FNDA:0,(anonymous_5)
FNDA:0,(anonymous_6)
DA:1,2
DA:2,2
DA:4,2
DA:5,2
DA:6,2
DA:7,2
DA:8,2
DA:10,2
DA:16,4
DA:17,4
DA:18,1
DA:25,3
DA:31,2
DA:37,1
DA:38,1
DA:40,1
DA:47,1
DA:49,0
DA:64,0
DA:65,0
DA:76,2
DA:79,0
DA:80,0
DA:82,0
DA:83,0
DA:90,0
DA:113,0
DA:114,0
DA:125,2
DA:130,2
DA:132,2
DA:133,2
DA:136,2
DA:137,2
DA:138,1
DA:146,1
DA:154,1
DA:164,1
DA:170,1
DA:185,0
DA:186,0
DA:197,2
DA:200,0
DA:201,0
DA:203,0
DA:204,0
DA:211,0
DA:212,0
DA:219,0
DA:221,0
DA:226,0
DA:236,0
DA:237,0
DA:248,2
DA:251,0
DA:252,0
DA:254,0
DA:256,0
DA:257,0
DA:265,0
DA:267,0
DA:279,0
DA:280,0
DA:288,2
LF:64
LH:32
BRDA:17,0,0,1
BRDA:17,0,1,3
BRDA:38,1,0,1
BRDA:38,2,0,1
BRDA:38,3,0,1
BRDA:42,4,0,1
BRDA:42,4,1,0
BRDA:82,5,0,0
BRDA:82,5,1,0
BRDA:105,6,0,0
BRDA:105,6,1,0
BRDA:105,6,2,0
BRDA:137,7,0,1
BRDA:137,7,1,1
BRDA:148,8,0,1
BRDA:148,8,1,1
BRDA:148,8,2,1
BRDA:149,9,0,1
BRDA:149,9,1,1
BRDA:150,10,0,1
BRDA:150,10,1,1
BRDA:203,11,0,0
BRDA:203,11,1,0
BRDA:211,12,0,0
BRDA:211,12,1,0
BRDA:256,13,0,0
BRDA:256,13,1,0
BRF:27
BRH:15
end_of_record
TN:
SF:src/services/cleanup.js
FN:8,cleanupExpiredTokens
FN:25,startCleanupService
FN:29,(anonymous_2)
FN:34,(anonymous_3)
FNF:4
FNH:1
FNDA:2,cleanupExpiredTokens
FNDA:0,startCleanupService
FNDA:0,(anonymous_2)
FNDA:0,(anonymous_3)
DA:1,2
DA:2,2
DA:9,2
DA:10,2
DA:11,0
DA:12,0
DA:14,0
DA:16,2
DA:17,2
DA:26,0
DA:29,0
DA:30,0
DA:34,0
DA:35,0
DA:36,0
DA:38,0
DA:42,0
DA:45,2
LF:18
LH:7
BRDA:11,0,0,0
BRDA:11,0,1,0
BRDA:25,1,0,0
BRF:3
BRH:0
end_of_record
TN:
SF:src/utils/logger.js
FN:6,(anonymous_0)
FNF:1
FNH:1
FNDA:90,(anonymous_0)
DA:1,2
DA:3,2
DA:7,90
DA:8,90
DA:9,90
DA:11,90
DA:15,2
DA:50,2
DA:51,2
DA:52,2
DA:53,2
DA:54,0
DA:57,2
LF:13
LH:12
BRDA:8,0,0,90
BRDA:8,0,1,0
BRDA:16,1,0,2
BRDA:16,1,1,2
BRDA:53,2,0,0
BRDA:53,2,1,2
BRF:6
BRH:4
end_of_record
